{"synthetic": false,
 "schemaVersion": "2025-09-10",
 "outputs":
 {"o": ["83886dd9de408b12.olean"],
  "i": "a763495857062e32.ilean",
  "c": "88e286881708e428.c"},
 "log":
 [{"message":
   ".> LEAN_PATH=/home/matt.linux/lean/bridgeland-extract/.lake/packages/Cli/.lake/build/lib/lean:/home/matt.linux/lean/bridgeland-extract/.lake/packages/batteries/.lake/build/lib/lean:/home/matt.linux/lean/bridgeland-extract/.lake/packages/Qq/.lake/build/lib/lean:/home/matt.linux/lean/bridgeland-extract/.lake/packages/aesop/.lake/build/lib/lean:/home/matt.linux/lean/bridgeland-extract/.lake/packages/proofwidgets/.lake/build/lib/lean:/home/matt.linux/lean/bridgeland-extract/.lake/packages/importGraph/.lake/build/lib/lean:/home/matt.linux/lean/bridgeland-extract/.lake/packages/LeanSearchClient/.lake/build/lib/lean:/home/matt.linux/lean/bridgeland-extract/.lake/packages/plausible/.lake/build/lib/lean:/home/matt.linux/lean/bridgeland-extract/.lake/packages/mathlib/.lake/build/lib/lean:/home/matt.linux/lean/bridgeland-extract/.lake/build/lib/lean /home/matt.linux/.elan/toolchains/leanprover--lean4---v4.29.0-rc6/bin/lean /home/matt.linux/lean/bridgeland-extract/BridgelandStability/DeformationTheorem.lean -o /home/matt.linux/lean/bridgeland-extract/.lake/build/lib/lean/BridgelandStability/DeformationTheorem.olean -i /home/matt.linux/lean/bridgeland-extract/.lake/build/lib/lean/BridgelandStability/DeformationTheorem.ilean -c /home/matt.linux/lean/bridgeland-extract/.lake/build/ir/BridgelandStability/DeformationTheorem.c --setup /home/matt.linux/lean/bridgeland-extract/.lake/build/ir/BridgelandStability/DeformationTheorem.setup.json --json",
   "level": "trace"},
  {"message":
   "BridgelandStability/DeformationTheorem.lean:328:35: This simp argument is unused:\n  mul_left_comm\n\nHint: Omit it from the simp argument list.\n  simp [one_div, mul_comm, mul_l̵e̵f̵t̵_̵c̵o̵m̵m̵,̵ ̵m̵u̵l̵_̵assoc]\n\nNote: This linter can be disabled with `set_option linter.unusedSimpArgs false`",
   "level": "warning"},
  {"message":
   "BridgelandStability/DeformationTheorem.lean:328:50: This simp argument is unused:\n  mul_assoc\n\nHint: Omit it from the simp argument list.\n  simp [one_div, mul_comm, mul_left_comm,̵ ̵m̵u̵l̵_̵a̵s̵s̵o̵c̵]\n\nNote: This linter can be disabled with `set_option linter.unusedSimpArgs false`",
   "level": "warning"},
  {"message":
   "BridgelandStability/DeformationTheorem.lean:781:20: try 'simp' instead of 'simpa'\n\nNote: This linter can be disabled with `set_option linter.unnecessarySimpa false`",
   "level": "warning"},
  {"message":
   "BridgelandStability/DeformationTheorem.lean:782:20: try 'simp' instead of 'simpa'\n\nNote: This linter can be disabled with `set_option linter.unnecessarySimpa false`",
   "level": "warning"},
  {"message":
   "BridgelandStability/DeformationTheorem.lean:1055:0: automatically included section variable(s) unused in theorem `CategoryTheory.Triangulated.K₀_hom_eq_zero_of_vanishes_on_of`:\n  [IsTriangulated C]\nconsider restructuring your `variable` declarations so that the variables are not in scope or explicitly omit them:\n  omit [IsTriangulated C] in theorem ...\n\nNote: This linter can be disabled with `set_option linter.unusedSectionVars false`",
   "level": "warning"},
  {"message":
   "BridgelandStability/DeformationTheorem.lean:1707:71: try 'simp' instead of 'simpa'\n\nNote: This linter can be disabled with `set_option linter.unnecessarySimpa false`",
   "level": "warning"},
  {"message":
   "BridgelandStability/DeformationTheorem.lean:1709:18: try 'simp' instead of 'simpa'\n\nNote: This linter can be disabled with `set_option linter.unnecessarySimpa false`",
   "level": "warning"},
  {"message":
   "BridgelandStability/DeformationTheorem.lean:1463:39: This simp argument is unused:\n  Set.mem_setOf_eq\n\nHint: Omit it from the simp argument list.\n  simp only [Set.mem_preimage,̵ ̵S̵e̵t̵.̵m̵e̵m̵_̵s̵e̵t̵O̵f̵_̵e̵q̵] at hτ'_mem\n\nNote: This linter can be disabled with `set_option linter.unusedSimpArgs false`",
   "level": "warning"}],
 "inputs":
 [["BridgelandStability.DeformationTheorem:deps",
   [["deps",
     [["BridgelandStability/BridgelandStability:extraDep",
       [["@BridgelandStability:extraDep", "00000000000006bb"]]],
      ["imports",
       [["BridgelandStability.Deformation.Theorem71 transitive imports (legacy)",
         "d50e8b1aee0d2ba4"],
        ["BridgelandStability.Deformation.Theorem71:importAllArts",
         "ee56a3cb3f6cdb53"],
        ["Mathlib.Topology.Bases transitive imports (legacy)",
         "bb9255d0469f748c"],
        ["Mathlib.Topology.Bases:importAllArts", "d990920ab8074829"],
        ["Mathlib.Topology.Maps.Basic transitive imports (legacy)",
         "9aa60506ba3cd927"],
        ["Mathlib.Topology.Maps.Basic:importAllArts", "304b78b08135d611"],
        ["Mathlib.Topology.Connected.Clopen transitive imports (legacy)",
         "62da734cc8643aa2"],
        ["Mathlib.Topology.Connected.Clopen:importAllArts",
         "71fbf1c08757453e"]]]]],
    ["libs",
     [["import dynlibs", "00000000000006bb"],
      ["package external libraries", "00000000000006bb"],
      ["module dynlibs", "00000000000006bb"],
      ["module plugins", "00000000000006bb"]]]]],
  ["Lean 4.29.0, commit 00659f8e6071d7e46131ed643bf8003b99b044e9",
   "d4ef66a63896cd60"],
  ["/home/matt.linux/lean/bridgeland-extract/BridgelandStability/DeformationTheorem.lean",
   "5dcea05019b2a5d9"],
  ["options", [["-DautoImplicit=false", "4a85acb881fd49d0"]]],
  ["isModule: false", "feefd2a0d3a1847e"],
  ["Module.name: BridgelandStability.DeformationTheorem", "c74416209f272662"],
  ["Package.id?: (some BridgelandStability)", "26eb1074d95a6ba6"],
  ["Module.leanArgs: #[]", "00000000000006bb"]],
 "depHash": "e4512508e8ef9afc"}