{"synthetic": false,
 "schemaVersion": "2025-09-10",
 "outputs":
 {"o": ["a04b15f7883cf48c.olean"],
  "i": "ebed5e6d97fc0c01.ilean",
  "c": "6cb0a996ec8b6caa.c"},
 "log":
 [{"message":
   ".> LEAN_PATH=/home/matt.linux/lean/bridgeland-extract/.lake/packages/Cli/.lake/build/lib/lean:/home/matt.linux/lean/bridgeland-extract/.lake/packages/batteries/.lake/build/lib/lean:/home/matt.linux/lean/bridgeland-extract/.lake/packages/Qq/.lake/build/lib/lean:/home/matt.linux/lean/bridgeland-extract/.lake/packages/aesop/.lake/build/lib/lean:/home/matt.linux/lean/bridgeland-extract/.lake/packages/proofwidgets/.lake/build/lib/lean:/home/matt.linux/lean/bridgeland-extract/.lake/packages/importGraph/.lake/build/lib/lean:/home/matt.linux/lean/bridgeland-extract/.lake/packages/LeanSearchClient/.lake/build/lib/lean:/home/matt.linux/lean/bridgeland-extract/.lake/packages/plausible/.lake/build/lib/lean:/home/matt.linux/lean/bridgeland-extract/.lake/packages/mathlib/.lake/build/lib/lean:/home/matt.linux/lean/bridgeland-extract/.lake/build/lib/lean /home/matt.linux/.elan/toolchains/leanprover--lean4---v4.29.0-rc6/bin/lean /home/matt.linux/lean/bridgeland-extract/BridgelandStability/EulerForm.lean -o /home/matt.linux/lean/bridgeland-extract/.lake/build/lib/lean/BridgelandStability/EulerForm.olean -i /home/matt.linux/lean/bridgeland-extract/.lake/build/lib/lean/BridgelandStability/EulerForm.ilean -c /home/matt.linux/lean/bridgeland-extract/.lake/build/ir/BridgelandStability/EulerForm.c --setup /home/matt.linux/lean/bridgeland-extract/.lake/build/ir/BridgelandStability/EulerForm.setup.json --json",
   "level": "trace"},
  {"message":
   "BridgelandStability/EulerForm.lean:59:5: unused variable `hr`\n\nNote: This linter can be disabled with `set_option linter.unusedVariables false`",
   "level": "warning"},
  {"message":
   "BridgelandStability/EulerForm.lean:84:8: automatically included section variable(s) unused in theorem `_private.BridgelandStability.EulerForm.0.CategoryTheory.Triangulated.eulerSum_of_rank_identity`:\n  [HasZeroObject C]\n  [∀ (n : ℤ), (shiftFunctor C n).Additive]\n  [Pretriangulated C]\n  [IsTriangulated C]\n  [IsFiniteType k C]\nconsider restructuring your `variable` declarations so that the variables are not in scope or explicitly omit them:\n  omit [HasZeroObject\n  C] [∀ (n : ℤ), (shiftFunctor C n).Additive] [Pretriangulated C] [IsTriangulated C] [IsFiniteType k C] in theorem ...\n\nNote: This linter can be disabled with `set_option linter.unusedSectionVars false`",
   "level": "warning"},
  {"message":
   "BridgelandStability/EulerForm.lean:282:8: automatically included section variable(s) unused in theorem `_private.BridgelandStability.EulerForm.0.CategoryTheory.Triangulated.linearRange_eq_linearKer_of_ab_exact`:\n  [HasZeroObject C]\n  [∀ (n : ℤ), (shiftFunctor C n).Additive]\n  [Pretriangulated C]\n  [IsTriangulated C]\n  [IsFiniteType k C]\nconsider restructuring your `variable` declarations so that the variables are not in scope or explicitly omit them:\n  omit [HasZeroObject\n  C] [∀ (n : ℤ), (shiftFunctor C n).Additive] [Pretriangulated C] [IsTriangulated C] [IsFiniteType k C] in theorem ...\n\nNote: This linter can be disabled with `set_option linter.unusedSectionVars false`",
   "level": "warning"},
  {"message":
   "BridgelandStability/EulerForm.lean:388:17: This simp argument is unused:\n  hδ\n\nHint: Omit it from the simp argument list.\n  simp [r,̵ ̵h̵δ̵]\n\nNote: This linter can be disabled with `set_option linter.unusedSimpArgs false`",
   "level": "warning"},
  {"message":
   "BridgelandStability/EulerForm.lean:483:10: try 'simp' instead of 'simpa'\n\nNote: This linter can be disabled with `set_option linter.unnecessarySimpa false`",
   "level": "warning"},
  {"message":
   "BridgelandStability/EulerForm.lean:403:8: automatically included section variable(s) unused in theorem `_private.BridgelandStability.EulerForm.0.CategoryTheory.Triangulated.eulerFormObj_covariant_triangleAdditive`:\n  [IsTriangulated C]\nconsider restructuring your `variable` declarations so that the variables are not in scope or explicitly omit them:\n  omit [IsTriangulated C] in theorem ...\n\nNote: This linter can be disabled with `set_option linter.unusedSectionVars false`",
   "level": "warning"},
  {"message":
   "BridgelandStability/EulerForm.lean:416:16: This simp argument is unused:\n  Category.assoc\n\nHint: Omit it from the simp argument list.\n  simp [C̵a̵t̵e̵g̵o̵r̵y̵.̵a̵s̵s̵o̵c̵,̵ ̵Functor.map_add]\n\nNote: This linter can be disabled with `set_option linter.unusedSimpArgs false`",
   "level": "warning"},
  {"message":
   "BridgelandStability/EulerForm.lean:419:16: This simp argument is unused:\n  Category.assoc\n\nHint: Omit it from the simp argument list.\n  simp [C̵a̵t̵e̵g̵o̵r̵y̵.̵a̵s̵s̵o̵c̵,̵ ̵Functor.map_smul]\n\nNote: This linter can be disabled with `set_option linter.unusedSimpArgs false`",
   "level": "warning"},
  {"message":
   "BridgelandStability/EulerForm.lean:523:17: This simp argument is unused:\n  hδ\n\nHint: Omit it from the simp argument list.\n  simp [r,̵ ̵h̵δ̵]\n\nNote: This linter can be disabled with `set_option linter.unusedSimpArgs false`",
   "level": "warning"},
  {"message":
   "BridgelandStability/EulerForm.lean:484:12: 'omega' tactic does nothing\n\nNote: This linter can be disabled with `set_option linter.unusedTactic false`",
   "level": "warning"},
  {"message":
   "BridgelandStability/EulerForm.lean:484:12: this tactic is never executed\n\nNote: This linter can be disabled with `set_option linter.unreachableTactic false`",
   "level": "warning"}],
 "inputs":
 [["BridgelandStability.EulerForm:deps",
   [["deps",
     [["BridgelandStability/BridgelandStability:extraDep",
       [["@BridgelandStability:extraDep", "00000000000006bb"]]],
      ["imports",
       [["BridgelandStability.NumericalStability transitive imports (legacy)",
         "e51b1231bae5f5a5"],
        ["BridgelandStability.NumericalStability:importAllArts",
         "f4eadb18758676d3"],
        ["Mathlib.CategoryTheory.Triangulated.Yoneda transitive imports (legacy)",
         "56f45ffeb38a907a"],
        ["Mathlib.CategoryTheory.Triangulated.Yoneda:importAllArts",
         "ef60e9f54cf5a964"],
        ["Mathlib.CategoryTheory.Linear.Yoneda transitive imports (legacy)",
         "b7681bb3fd701565"],
        ["Mathlib.CategoryTheory.Linear.Yoneda:importAllArts",
         "2da2e82140a0ca18"],
        ["Mathlib.CategoryTheory.Shift.Linear transitive imports (legacy)",
         "f9aa117f0a04fd2e"],
        ["Mathlib.CategoryTheory.Shift.Linear:importAllArts",
         "7f2f8247df9b381b"],
        ["Mathlib.Algebra.Homology.ShortComplex.ModuleCat transitive imports (legacy)",
         "be342facfda39fb3"],
        ["Mathlib.Algebra.Homology.ShortComplex.ModuleCat:importAllArts",
         "df26d087e9c9f808"],
        ["Mathlib.LinearAlgebra.FiniteDimensional.Lemmas transitive imports (legacy)",
         "fca454217f8e37e3"],
        ["Mathlib.LinearAlgebra.FiniteDimensional.Lemmas:importAllArts",
         "cf53a263c406ece9"]]]]],
    ["libs",
     [["import dynlibs", "00000000000006bb"],
      ["package external libraries", "00000000000006bb"],
      ["module dynlibs", "00000000000006bb"],
      ["module plugins", "00000000000006bb"]]]]],
  ["Lean 4.29.0, commit 00659f8e6071d7e46131ed643bf8003b99b044e9",
   "d4ef66a63896cd60"],
  ["/home/matt.linux/lean/bridgeland-extract/BridgelandStability/EulerForm.lean",
   "e6ba690f6a4d9789"],
  ["options", [["-DautoImplicit=false", "4a85acb881fd49d0"]]],
  ["isModule: false", "feefd2a0d3a1847e"],
  ["Module.name: BridgelandStability.EulerForm", "460c4ca6a3412040"],
  ["Package.id?: (some BridgelandStability)", "26eb1074d95a6ba6"],
  ["Module.leanArgs: #[]", "00000000000006bb"]],
 "depHash": "a22475dde13cfcd9"}