{"synthetic": false,
 "schemaVersion": "2025-09-10",
 "outputs":
 {"o": ["bd5de1ceb569ce9c.olean"],
  "i": "9c0ecf5bc5b864b9.ilean",
  "c": "d3bd7f568cf38655.c"},
 "log":
 [{"message":
   ".> LEAN_PATH=/home/matt.linux/lean/bridgeland-extract/.lake/packages/Cli/.lake/build/lib/lean:/home/matt.linux/lean/bridgeland-extract/.lake/packages/batteries/.lake/build/lib/lean:/home/matt.linux/lean/bridgeland-extract/.lake/packages/Qq/.lake/build/lib/lean:/home/matt.linux/lean/bridgeland-extract/.lake/packages/aesop/.lake/build/lib/lean:/home/matt.linux/lean/bridgeland-extract/.lake/packages/proofwidgets/.lake/build/lib/lean:/home/matt.linux/lean/bridgeland-extract/.lake/packages/importGraph/.lake/build/lib/lean:/home/matt.linux/lean/bridgeland-extract/.lake/packages/LeanSearchClient/.lake/build/lib/lean:/home/matt.linux/lean/bridgeland-extract/.lake/packages/plausible/.lake/build/lib/lean:/home/matt.linux/lean/bridgeland-extract/.lake/packages/mathlib/.lake/build/lib/lean:/home/matt.linux/lean/bridgeland-extract/.lake/build/lib/lean /home/matt.linux/.elan/toolchains/leanprover--lean4---v4.29.0-rc6/bin/lean /home/matt.linux/lean/bridgeland-extract/BridgelandStability/GrothendieckGroup.lean -o /home/matt.linux/lean/bridgeland-extract/.lake/build/lib/lean/BridgelandStability/GrothendieckGroup.olean -i /home/matt.linux/lean/bridgeland-extract/.lake/build/lib/lean/BridgelandStability/GrothendieckGroup.ilean -c /home/matt.linux/lean/bridgeland-extract/.lake/build/ir/BridgelandStability/GrothendieckGroup.c --setup /home/matt.linux/lean/bridgeland-extract/.lake/build/ir/BridgelandStability/GrothendieckGroup.setup.json --json",
   "level": "trace"}],
 "inputs":
 [["BridgelandStability.GrothendieckGroup:deps",
   [["deps",
     [["BridgelandStability/BridgelandStability:extraDep",
       [["@BridgelandStability:extraDep", "00000000000006bb"]]],
      ["imports",
       [["BridgelandStability.PostnikovTower transitive imports (legacy)",
         "a890518f1fcdcafa"],
        ["BridgelandStability.PostnikovTower:importAllArts",
         "bcbea2363803f107"],
        ["Mathlib.GroupTheory.FreeAbelianGroup transitive imports (legacy)",
         "26d863366fe988ad"],
        ["Mathlib.GroupTheory.FreeAbelianGroup:importAllArts",
         "a9dd71359f336c49"],
        ["Mathlib.GroupTheory.QuotientGroup.Defs transitive imports (legacy)",
         "2b16de7c778efe6a"],
        ["Mathlib.GroupTheory.QuotientGroup.Defs:importAllArts",
         "79806021e9a7a95e"],
        ["Mathlib.Algebra.BigOperators.Fin transitive imports (legacy)",
         "b88028777391f89d"],
        ["Mathlib.Algebra.BigOperators.Fin:importAllArts",
         "652b7c1dd264e76a"]]]]],
    ["libs",
     [["import dynlibs", "00000000000006bb"],
      ["package external libraries", "00000000000006bb"],
      ["module dynlibs", "00000000000006bb"],
      ["module plugins", "00000000000006bb"]]]]],
  ["Lean 4.29.0, commit 00659f8e6071d7e46131ed643bf8003b99b044e9",
   "d4ef66a63896cd60"],
  ["/home/matt.linux/lean/bridgeland-extract/BridgelandStability/GrothendieckGroup.lean",
   "d19ce807a3c1e21c"],
  ["options", [["-DautoImplicit=false", "4a85acb881fd49d0"]]],
  ["isModule: false", "feefd2a0d3a1847e"],
  ["Module.name: BridgelandStability.GrothendieckGroup", "afbcd4d584d3d5c1"],
  ["Package.id?: (some BridgelandStability)", "26eb1074d95a6ba6"],
  ["Module.leanArgs: #[]", "00000000000006bb"]],
 "depHash": "50eca7b5fd97b855"}