{"synthetic": false,
 "schemaVersion": "2025-09-10",
 "outputs":
 {"o": ["cd036c8beb9d7bbe.olean"],
  "i": "3c441a217474a63a.ilean",
  "c": "16e0d718527e63ce.c"},
 "log":
 [{"message":
   ".> LEAN_PATH=/home/matt.linux/lean/bridgeland-extract/.lake/packages/Cli/.lake/build/lib/lean:/home/matt.linux/lean/bridgeland-extract/.lake/packages/batteries/.lake/build/lib/lean:/home/matt.linux/lean/bridgeland-extract/.lake/packages/Qq/.lake/build/lib/lean:/home/matt.linux/lean/bridgeland-extract/.lake/packages/aesop/.lake/build/lib/lean:/home/matt.linux/lean/bridgeland-extract/.lake/packages/proofwidgets/.lake/build/lib/lean:/home/matt.linux/lean/bridgeland-extract/.lake/packages/importGraph/.lake/build/lib/lean:/home/matt.linux/lean/bridgeland-extract/.lake/packages/LeanSearchClient/.lake/build/lib/lean:/home/matt.linux/lean/bridgeland-extract/.lake/packages/plausible/.lake/build/lib/lean:/home/matt.linux/lean/bridgeland-extract/.lake/packages/mathlib/.lake/build/lib/lean:/home/matt.linux/lean/bridgeland-extract/.lake/build/lib/lean /home/matt.linux/.elan/toolchains/leanprover--lean4---v4.29.0-rc6/bin/lean /home/matt.linux/lean/bridgeland-extract/BridgelandStability/IntervalCategory.lean -o /home/matt.linux/lean/bridgeland-extract/.lake/build/lib/lean/BridgelandStability/IntervalCategory.olean -i /home/matt.linux/lean/bridgeland-extract/.lake/build/lib/lean/BridgelandStability/IntervalCategory.ilean -c /home/matt.linux/lean/bridgeland-extract/.lake/build/ir/BridgelandStability/IntervalCategory.c --setup /home/matt.linux/lean/bridgeland-extract/.lake/build/ir/BridgelandStability/IntervalCategory.setup.json --json",
   "level": "trace"},
  {"message":
   "BridgelandStability/IntervalCategory.lean:96:6: try 'simp' instead of 'simpa'\n\nNote: This linter can be disabled with `set_option linter.unnecessarySimpa false`",
   "level": "warning"},
  {"message":
   "BridgelandStability/IntervalCategory.lean:98:6: try 'simp' instead of 'simpa'\n\nNote: This linter can be disabled with `set_option linter.unnecessarySimpa false`",
   "level": "warning"},
  {"message":
   "BridgelandStability/IntervalCategory.lean:176:28: unused variable `X`\n\nNote: This linter can be disabled with `set_option linter.unusedVariables false`",
   "level": "warning"},
  {"message":
   "BridgelandStability/IntervalCategory.lean:243:60: This simp argument is unused:\n  Category.assoc\n\nHint: Omit it from the simp argument list.\n  simp ̵[̵C̵a̵t̵e̵g̵o̵r̵y̵.̵a̵s̵s̵o̵c̵]̵\n\nNote: This linter can be disabled with `set_option linter.unusedSimpArgs false`",
   "level": "warning"},
  {"message":
   "BridgelandStability/IntervalCategory.lean:395:18: unused variable `X`\n\nNote: This linter can be disabled with `set_option linter.unusedVariables false`",
   "level": "warning"},
  {"message":
   "BridgelandStability/IntervalCategory.lean:395:20: unused variable `Y`\n\nNote: This linter can be disabled with `set_option linter.unusedVariables false`",
   "level": "warning"},
  {"message":
   "BridgelandStability/IntervalCategory.lean:415:18: unused variable `X`\n\nNote: This linter can be disabled with `set_option linter.unusedVariables false`",
   "level": "warning"},
  {"message":
   "BridgelandStability/IntervalCategory.lean:415:20: unused variable `Y`\n\nNote: This linter can be disabled with `set_option linter.unusedVariables false`",
   "level": "warning"},
  {"message":
   "BridgelandStability/IntervalCategory.lean:883:9: try 'simp' instead of 'simpa'\n\nNote: This linter can be disabled with `set_option linter.unnecessarySimpa false`",
   "level": "warning"},
  {"message":
   "BridgelandStability/IntervalCategory.lean:884:9: try 'simp' instead of 'simpa'\n\nNote: This linter can be disabled with `set_option linter.unnecessarySimpa false`",
   "level": "warning"},
  {"message":
   "BridgelandStability/IntervalCategory.lean:972:9: try 'simp' instead of 'simpa'\n\nNote: This linter can be disabled with `set_option linter.unnecessarySimpa false`",
   "level": "warning"},
  {"message":
   "BridgelandStability/IntervalCategory.lean:973:9: try 'simp' instead of 'simpa'\n\nNote: This linter can be disabled with `set_option linter.unnecessarySimpa false`",
   "level": "warning"},
  {"message":
   "BridgelandStability/IntervalCategory.lean:932:0: Definition `CategoryTheory.Triangulated.Slicing.intervalCat_hasKernel` of class type must be marked with `@[reducible]` or `@[implicit_reducible]`",
   "level": "warning"},
  {"message":
   "BridgelandStability/IntervalCategory.lean:1025:0: Definition `CategoryTheory.Triangulated.Slicing.intervalCat_hasCokernel` of class type must be marked with `@[reducible]` or `@[implicit_reducible]`",
   "level": "warning"},
  {"message":
   "BridgelandStability/IntervalCategory.lean:1474:9: try 'simp' instead of 'simpa'\n\nNote: This linter can be disabled with `set_option linter.unnecessarySimpa false`",
   "level": "warning"},
  {"message":
   "BridgelandStability/IntervalCategory.lean:1475:9: try 'simp' instead of 'simpa'\n\nNote: This linter can be disabled with `set_option linter.unnecessarySimpa false`",
   "level": "warning"},
  {"message":
   "BridgelandStability/IntervalCategory.lean:1569:4: try 'simp' instead of 'simpa'\n\nNote: This linter can be disabled with `set_option linter.unnecessarySimpa false`",
   "level": "warning"},
  {"message":
   "BridgelandStability/IntervalCategory.lean:1591:6: try 'simp' instead of 'simpa'\n\nNote: This linter can be disabled with `set_option linter.unnecessarySimpa false`",
   "level": "warning"},
  {"message":
   "BridgelandStability/IntervalCategory.lean:1593:6: try 'simp' instead of 'simpa'\n\nNote: This linter can be disabled with `set_option linter.unnecessarySimpa false`",
   "level": "warning"},
  {"message":
   "BridgelandStability/IntervalCategory.lean:1617:4: try 'simp' instead of 'simpa'\n\nNote: This linter can be disabled with `set_option linter.unnecessarySimpa false`",
   "level": "warning"},
  {"message":
   "BridgelandStability/IntervalCategory.lean:1714:33: `CategoryTheory.Limits.Cones.postcompose` has been deprecated: Use `CategoryTheory.Limits.Cone.postcompose` instead\n\nNote: The updated constant is in a different namespace. Dot notation may need to be changed (e.g., from `x.postcompose` to `Cone.postcompose x`).",
   "level": "warning"},
  {"message":
   "BridgelandStability/IntervalCategory.lean:1780:9: try 'simp' instead of 'simpa'\n\nNote: This linter can be disabled with `set_option linter.unnecessarySimpa false`",
   "level": "warning"},
  {"message":
   "BridgelandStability/IntervalCategory.lean:1781:9: try 'simp' instead of 'simpa'\n\nNote: This linter can be disabled with `set_option linter.unnecessarySimpa false`",
   "level": "warning"},
  {"message":
   "BridgelandStability/IntervalCategory.lean:1886:9: try 'simp' instead of 'simpa'\n\nNote: This linter can be disabled with `set_option linter.unnecessarySimpa false`",
   "level": "warning"},
  {"message":
   "BridgelandStability/IntervalCategory.lean:1887:9: try 'simp' instead of 'simpa'\n\nNote: This linter can be disabled with `set_option linter.unnecessarySimpa false`",
   "level": "warning"},
  {"message":
   "BridgelandStability/IntervalCategory.lean:1976:21: This simp argument is unused:\n  Category.assoc\n\nHint: Omit it from the simp argument list.\n  simp [d,̵ ̵C̵a̵t̵e̵g̵o̵r̵y̵.̵a̵s̵s̵o̵c̵]\n\nNote: This linter can be disabled with `set_option linter.unusedSimpArgs false`",
   "level": "warning"},
  {"message":
   "BridgelandStability/IntervalCategory.lean:1978:22: This simp argument is unused:\n  Category.assoc\n\nHint: Omit it from the simp argument list.\n  simp [eQ,̵ ̵C̵a̵t̵e̵g̵o̵r̵y̵.̵a̵s̵s̵o̵c̵]\n\nNote: This linter can be disabled with `set_option linter.unusedSimpArgs false`",
   "level": "warning"},
  {"message":
   "BridgelandStability/IntervalCategory.lean:2161:16: This simp argument is unused:\n  Category.assoc\n\nHint: Omit it from the simp argument list.\n  simp ̵[̵C̵a̵t̵e̵g̵o̵r̵y̵.̵a̵s̵s̵o̵c̵]̵\n\nNote: This linter can be disabled with `set_option linter.unusedSimpArgs false`",
   "level": "warning"},
  {"message":
   "BridgelandStability/IntervalCategory.lean:2622:4: try 'simp' instead of 'simpa'\n\nNote: This linter can be disabled with `set_option linter.unnecessarySimpa false`",
   "level": "warning"},
  {"message":
   "BridgelandStability/IntervalCategory.lean:2637:4: try 'simp' instead of 'simpa'\n\nNote: This linter can be disabled with `set_option linter.unnecessarySimpa false`",
   "level": "warning"},
  {"message":
   "BridgelandStability/IntervalCategory.lean:2626:12: This simp argument is unused:\n  Category.assoc\n\nHint: Omit it from the simp argument list.\n  simp [C̵a̵t̵e̵g̵o̵r̵y̵.̵a̵s̵s̵o̵c̵,̵ ̵heK]\n\nNote: This linter can be disabled with `set_option linter.unusedSimpArgs false`",
   "level": "warning"}],
 "inputs":
 [["BridgelandStability.IntervalCategory:deps",
   [["deps",
     [["BridgelandStability/BridgelandStability:extraDep",
       [["@BridgelandStability:extraDep", "00000000000006bb"]]],
      ["imports",
       [["BridgelandStability.Slicing transitive imports (legacy)",
         "cc4db41b86209bae"],
        ["BridgelandStability.Slicing:importAllArts", "9bce6850e935255b"],
        ["BridgelandStability.GrothendieckGroup transitive imports (legacy)",
         "05f66abba00bae25"],
        ["BridgelandStability.GrothendieckGroup:importAllArts",
         "99b4b075c87ce035"],
        ["BridgelandStability.Strict transitive imports (legacy)",
         "650de31e3b5c27a4"],
        ["BridgelandStability.Strict:importAllArts", "846f84f7382cd324"],
        ["BridgelandStability.TStructure.HeartAbelian transitive imports (legacy)",
         "514b31ceb32d50f6"],
        ["BridgelandStability.TStructure.HeartAbelian:importAllArts",
         "d64d4d3433605ffe"],
        ["Mathlib.CategoryTheory.Limits.Constructions.Pullbacks transitive imports (legacy)",
         "f42787e0cba1e99d"],
        ["Mathlib.CategoryTheory.Limits.Constructions.Pullbacks:importAllArts",
         "69b5e8400a4e337b"],
        ["Mathlib.CategoryTheory.Limits.Shapes.Pullback.IsPullback.Kernels transitive imports (legacy)",
         "141d286ece870823"],
        ["Mathlib.CategoryTheory.Limits.Shapes.Pullback.IsPullback.Kernels:importAllArts",
         "3a306829171539ae"],
        ["Mathlib.CategoryTheory.Limits.Preserves.Shapes.Pullbacks transitive imports (legacy)",
         "a0ae9b3d75d39b87"],
        ["Mathlib.CategoryTheory.Limits.Preserves.Shapes.Pullbacks:importAllArts",
         "bd6df8e45d12bdfd"],
        ["Mathlib.CategoryTheory.ObjectProperty.Retract transitive imports (legacy)",
         "27f0b75b95bbd395"],
        ["Mathlib.CategoryTheory.ObjectProperty.Retract:importAllArts",
         "6dc62b0b3978d7c3"],
        ["Mathlib.CategoryTheory.ObjectProperty.FiniteProducts transitive imports (legacy)",
         "e67ab428d5a9e7ac"],
        ["Mathlib.CategoryTheory.ObjectProperty.FiniteProducts:importAllArts",
         "7afd13cb6611436f"],
        ["Mathlib.CategoryTheory.Preadditive.LeftExact transitive imports (legacy)",
         "39738bd57059462a"],
        ["Mathlib.CategoryTheory.Preadditive.LeftExact:importAllArts",
         "76b3ad077debc282"],
        ["Mathlib.Data.Complex.Basic transitive imports (legacy)",
         "7458a120cbc87ceb"],
        ["Mathlib.Data.Complex.Basic:importAllArts", "b3d2dfd47819099f"]]]]],
    ["libs",
     [["import dynlibs", "00000000000006bb"],
      ["package external libraries", "00000000000006bb"],
      ["module dynlibs", "00000000000006bb"],
      ["module plugins", "00000000000006bb"]]]]],
  ["Lean 4.29.0, commit 00659f8e6071d7e46131ed643bf8003b99b044e9",
   "d4ef66a63896cd60"],
  ["/home/matt.linux/lean/bridgeland-extract/BridgelandStability/IntervalCategory.lean",
   "a6ae423bca23acc4"],
  ["options", [["-DautoImplicit=false", "4a85acb881fd49d0"]]],
  ["isModule: false", "feefd2a0d3a1847e"],
  ["Module.name: BridgelandStability.IntervalCategory", "5cd4b4a5e0ac1e26"],
  ["Package.id?: (some BridgelandStability)", "26eb1074d95a6ba6"],
  ["Module.leanArgs: #[]", "00000000000006bb"]],
 "depHash": "882c197bc3ea33be"}