{"synthetic": false,
 "schemaVersion": "2025-09-10",
 "outputs":
 {"o": ["02e2f6fc54b15cd1.olean"],
  "i": "4c54c20567ab54fe.ilean",
  "c": "30faa5d3731df1e4.c"},
 "log":
 [{"message":
   ".> LEAN_PATH=/home/matt.linux/lean/bridgeland-extract/.lake/packages/Cli/.lake/build/lib/lean:/home/matt.linux/lean/bridgeland-extract/.lake/packages/batteries/.lake/build/lib/lean:/home/matt.linux/lean/bridgeland-extract/.lake/packages/Qq/.lake/build/lib/lean:/home/matt.linux/lean/bridgeland-extract/.lake/packages/aesop/.lake/build/lib/lean:/home/matt.linux/lean/bridgeland-extract/.lake/packages/proofwidgets/.lake/build/lib/lean:/home/matt.linux/lean/bridgeland-extract/.lake/packages/importGraph/.lake/build/lib/lean:/home/matt.linux/lean/bridgeland-extract/.lake/packages/LeanSearchClient/.lake/build/lib/lean:/home/matt.linux/lean/bridgeland-extract/.lake/packages/plausible/.lake/build/lib/lean:/home/matt.linux/lean/bridgeland-extract/.lake/packages/mathlib/.lake/build/lib/lean:/home/matt.linux/lean/bridgeland-extract/.lake/build/lib/lean /home/matt.linux/.elan/toolchains/leanprover--lean4---v4.29.0-rc6/bin/lean /home/matt.linux/lean/bridgeland-extract/BridgelandStability/NumericalStabilityManifold.lean -o /home/matt.linux/lean/bridgeland-extract/.lake/build/lib/lean/BridgelandStability/NumericalStabilityManifold.olean -i /home/matt.linux/lean/bridgeland-extract/.lake/build/lib/lean/BridgelandStability/NumericalStabilityManifold.ilean -c /home/matt.linux/lean/bridgeland-extract/.lake/build/ir/BridgelandStability/NumericalStabilityManifold.c --setup /home/matt.linux/lean/bridgeland-extract/.lake/build/ir/BridgelandStability/NumericalStabilityManifold.setup.json --json",
   "level": "trace"},
  {"message":
   "BridgelandStability/NumericalStabilityManifold.lean:83:0: automatically included section variable(s) unused in theorem `CategoryTheory.Triangulated.mem_numericalFactorSubmodule_iff`:\n  [IsTriangulated C]\nconsider restructuring your `variable` declarations so that the variables are not in scope or explicitly omit them:\n  omit [IsTriangulated C] in theorem ...\n\nNote: This linter can be disabled with `set_option linter.unusedSectionVars false`",
   "level": "warning"},
  {"message":
   "BridgelandStability/NumericalStabilityManifold.lean:198:6: try 'simp' instead of 'simpa'\n\nNote: This linter can be disabled with `set_option linter.unnecessarySimpa false`",
   "level": "warning"},
  {"message":
   "BridgelandStability/NumericalStabilityManifold.lean:187:0: automatically included section variable(s) unused in theorem `CategoryTheory.Triangulated.numericalChargeSpace_finiteDimensional`:\n  [IsTriangulated C]\nconsider restructuring your `variable` declarations so that the variables are not in scope or explicitly omit them:\n  omit [IsTriangulated C] in theorem ...\n\nNote: This linter can be disabled with `set_option linter.unusedSectionVars false`",
   "level": "warning"},
  {"message":
   "BridgelandStability/NumericalStabilityManifold.lean:256:4: try 'simp' instead of 'simpa'\n\nNote: This linter can be disabled with `set_option linter.unnecessarySimpa false`",
   "level": "warning"}],
 "inputs":
 [["BridgelandStability.NumericalStabilityManifold:deps",
   [["deps",
     [["BridgelandStability/BridgelandStability:extraDep",
       [["@BridgelandStability:extraDep", "00000000000006bb"]]],
      ["imports",
       [["BridgelandStability.DeformationTheorem transitive imports (legacy)",
         "3ef111de98e58e64"],
        ["BridgelandStability.DeformationTheorem:importAllArts",
         "f25a2dcfb49f155a"],
        ["BridgelandStability.EulerForm transitive imports (legacy)",
         "07506066472a3d06"],
        ["BridgelandStability.EulerForm:importAllArts", "efe39f600f4710bd"],
        ["BridgelandStability.NumericalStability transitive imports (legacy)",
         "e51b1231bae5f5a5"],
        ["BridgelandStability.NumericalStability:importAllArts",
         "f4eadb18758676d3"],
        ["Mathlib.Analysis.Normed.Module.Connected transitive imports (legacy)",
         "7682cd32c996a1d8"],
        ["Mathlib.Analysis.Normed.Module.Connected:importAllArts",
         "25f0bea40e30675c"],
        ["Mathlib.Geometry.Manifold.Complex transitive imports (legacy)",
         "ce696ac8bb9a764e"],
        ["Mathlib.Geometry.Manifold.Complex:importAllArts", "9ffebd2b9871ac6f"],
        ["Mathlib.Topology.Algebra.Module.FiniteDimension transitive imports (legacy)",
         "3f91331dc3966249"],
        ["Mathlib.Topology.Algebra.Module.FiniteDimension:importAllArts",
         "02a312c602602d87"],
        ["Mathlib.Topology.Connected.TotallyDisconnected transitive imports (legacy)",
         "b787a9eca484640f"],
        ["Mathlib.Topology.Connected.TotallyDisconnected:importAllArts",
         "bf492f75237a62b2"],
        ["Mathlib.Topology.IsLocalHomeomorph transitive imports (legacy)",
         "e8d0a55245381c86"],
        ["Mathlib.Topology.IsLocalHomeomorph:importAllArts",
         "a26ba0122ab8a7fb"],
        ["Mathlib.Topology.LocalAtTarget transitive imports (legacy)",
         "48975008e5be2687"],
        ["Mathlib.Topology.LocalAtTarget:importAllArts",
         "86142c593cf5fc74"]]]]],
    ["libs",
     [["import dynlibs", "00000000000006bb"],
      ["package external libraries", "00000000000006bb"],
      ["module dynlibs", "00000000000006bb"],
      ["module plugins", "00000000000006bb"]]]]],
  ["Lean 4.29.0, commit 00659f8e6071d7e46131ed643bf8003b99b044e9",
   "d4ef66a63896cd60"],
  ["/home/matt.linux/lean/bridgeland-extract/BridgelandStability/NumericalStabilityManifold.lean",
   "ab7b6c0e47bdbcde"],
  ["options", [["-DautoImplicit=false", "4a85acb881fd49d0"]]],
  ["isModule: false", "feefd2a0d3a1847e"],
  ["Module.name: BridgelandStability.NumericalStabilityManifold",
   "9149d40d7649f815"],
  ["Package.id?: (some BridgelandStability)", "26eb1074d95a6ba6"],
  ["Module.leanArgs: #[]", "00000000000006bb"]],
 "depHash": "cfd6557ad51f45c9"}