{"synthetic": false,
 "schemaVersion": "2025-09-10",
 "outputs":
 {"o": ["a8b11573609cefa9.olean"],
  "i": "59ae77fd322cad9a.ilean",
  "c": "562a5d09ca927151.c"},
 "log":
 [{"message":
   ".> LEAN_PATH=/home/matt.linux/lean/bridgeland-extract/.lake/packages/Cli/.lake/build/lib/lean:/home/matt.linux/lean/bridgeland-extract/.lake/packages/batteries/.lake/build/lib/lean:/home/matt.linux/lean/bridgeland-extract/.lake/packages/Qq/.lake/build/lib/lean:/home/matt.linux/lean/bridgeland-extract/.lake/packages/aesop/.lake/build/lib/lean:/home/matt.linux/lean/bridgeland-extract/.lake/packages/proofwidgets/.lake/build/lib/lean:/home/matt.linux/lean/bridgeland-extract/.lake/packages/importGraph/.lake/build/lib/lean:/home/matt.linux/lean/bridgeland-extract/.lake/packages/LeanSearchClient/.lake/build/lib/lean:/home/matt.linux/lean/bridgeland-extract/.lake/packages/plausible/.lake/build/lib/lean:/home/matt.linux/lean/bridgeland-extract/.lake/packages/mathlib/.lake/build/lib/lean:/home/matt.linux/lean/bridgeland-extract/.lake/build/lib/lean /home/matt.linux/.elan/toolchains/leanprover--lean4---v4.29.0-rc6/bin/lean /home/matt.linux/lean/bridgeland-extract/BridgelandStability/NumericalStability.lean -o /home/matt.linux/lean/bridgeland-extract/.lake/build/lib/lean/BridgelandStability/NumericalStability.olean -i /home/matt.linux/lean/bridgeland-extract/.lake/build/lib/lean/BridgelandStability/NumericalStability.ilean -c /home/matt.linux/lean/bridgeland-extract/.lake/build/ir/BridgelandStability/NumericalStability.c --setup /home/matt.linux/lean/bridgeland-extract/.lake/build/ir/BridgelandStability/NumericalStability.setup.json --json",
   "level": "trace"}],
 "inputs":
 [["BridgelandStability.NumericalStability:deps",
   [["deps",
     [["BridgelandStability/BridgelandStability:extraDep",
       [["@BridgelandStability:extraDep", "00000000000006bb"]]],
      ["imports",
       [["BridgelandStability.StabilityCondition transitive imports (legacy)",
         "3c3ae31d93dab2c2"],
        ["BridgelandStability.StabilityCondition:importAllArts",
         "a8c25dd41a6e0185"],
        ["Mathlib.CategoryTheory.Linear.Basic transitive imports (legacy)",
         "9bb7061ad06d0c48"],
        ["Mathlib.CategoryTheory.Linear.Basic:importAllArts",
         "96bccfd90727a8c5"],
        ["Mathlib.LinearAlgebra.Dimension.Finrank transitive imports (legacy)",
         "80656a7406079346"],
        ["Mathlib.LinearAlgebra.Dimension.Finrank:importAllArts",
         "f2523e2420ab036a"],
        ["Mathlib.RingTheory.Finiteness.Defs transitive imports (legacy)",
         "23cb33200587d96c"],
        ["Mathlib.RingTheory.Finiteness.Defs:importAllArts",
         "f0168e61718fa77d"],
        ["Mathlib.Algebra.BigOperators.Finprod transitive imports (legacy)",
         "116b657a717b865c"],
        ["Mathlib.Algebra.BigOperators.Finprod:importAllArts",
         "ca47de5eb17775f0"],
        ["Mathlib.Algebra.Ring.NegOnePow transitive imports (legacy)",
         "5c5d0db4795f59c7"],
        ["Mathlib.Algebra.Ring.NegOnePow:importAllArts", "462395e223d0edb6"],
        ["Mathlib.GroupTheory.Finiteness transitive imports (legacy)",
         "213c037194e94cb5"],
        ["Mathlib.GroupTheory.Finiteness:importAllArts",
         "fc4640464658a70e"]]]]],
    ["libs",
     [["import dynlibs", "00000000000006bb"],
      ["package external libraries", "00000000000006bb"],
      ["module dynlibs", "00000000000006bb"],
      ["module plugins", "00000000000006bb"]]]]],
  ["Lean 4.29.0, commit 00659f8e6071d7e46131ed643bf8003b99b044e9",
   "d4ef66a63896cd60"],
  ["/home/matt.linux/lean/bridgeland-extract/BridgelandStability/NumericalStability.lean",
   "d9a950fd63eb1f08"],
  ["options", [["-DautoImplicit=false", "4a85acb881fd49d0"]]],
  ["isModule: false", "feefd2a0d3a1847e"],
  ["Module.name: BridgelandStability.NumericalStability", "f3f0265747dc2c5c"],
  ["Package.id?: (some BridgelandStability)", "26eb1074d95a6ba6"],
  ["Module.leanArgs: #[]", "00000000000006bb"]],
 "depHash": "aa4400c897d6d736"}