{"synthetic": false,
 "schemaVersion": "2025-09-10",
 "outputs":
 {"o": ["dd232388d3be2c12.olean"],
  "i": "5b798a7c80041a8a.ilean",
  "c": "7f03bfb63a09a8fb.c"},
 "log":
 [{"message":
   ".> LEAN_PATH=/home/matt.linux/lean/bridgeland-extract/.lake/packages/Cli/.lake/build/lib/lean:/home/matt.linux/lean/bridgeland-extract/.lake/packages/batteries/.lake/build/lib/lean:/home/matt.linux/lean/bridgeland-extract/.lake/packages/Qq/.lake/build/lib/lean:/home/matt.linux/lean/bridgeland-extract/.lake/packages/aesop/.lake/build/lib/lean:/home/matt.linux/lean/bridgeland-extract/.lake/packages/proofwidgets/.lake/build/lib/lean:/home/matt.linux/lean/bridgeland-extract/.lake/packages/importGraph/.lake/build/lib/lean:/home/matt.linux/lean/bridgeland-extract/.lake/packages/LeanSearchClient/.lake/build/lib/lean:/home/matt.linux/lean/bridgeland-extract/.lake/packages/plausible/.lake/build/lib/lean:/home/matt.linux/lean/bridgeland-extract/.lake/packages/mathlib/.lake/build/lib/lean:/home/matt.linux/lean/bridgeland-extract/.lake/build/lib/lean /home/matt.linux/.elan/toolchains/leanprover--lean4---v4.29.0-rc6/bin/lean /home/matt.linux/lean/bridgeland-extract/BridgelandStability/PostnikovTower.lean -o /home/matt.linux/lean/bridgeland-extract/.lake/build/lib/lean/BridgelandStability/PostnikovTower.olean -i /home/matt.linux/lean/bridgeland-extract/.lake/build/lib/lean/BridgelandStability/PostnikovTower.ilean -c /home/matt.linux/lean/bridgeland-extract/.lake/build/ir/BridgelandStability/PostnikovTower.c --setup /home/matt.linux/lean/bridgeland-extract/.lake/build/ir/BridgelandStability/PostnikovTower.setup.json --json",
   "level": "trace"}],
 "inputs":
 [["BridgelandStability.PostnikovTower:deps",
   [["deps",
     [["BridgelandStability/BridgelandStability:extraDep",
       [["@BridgelandStability:extraDep", "00000000000006bb"]]],
      ["imports",
       [["Mathlib.CategoryTheory.Triangulated.Pretriangulated transitive imports (legacy)",
         "c8e836b17b062603"],
        ["Mathlib.CategoryTheory.Triangulated.Pretriangulated:importAllArts",
         "86cd30779d7041c6"],
        ["Mathlib.CategoryTheory.ComposableArrows.Basic transitive imports (legacy)",
         "5c53899337b2f050"],
        ["Mathlib.CategoryTheory.ComposableArrows.Basic:importAllArts",
         "333035fb70f43788"]]]]],
    ["libs",
     [["import dynlibs", "00000000000006bb"],
      ["package external libraries", "00000000000006bb"],
      ["module dynlibs", "00000000000006bb"],
      ["module plugins", "00000000000006bb"]]]]],
  ["Lean 4.29.0, commit 00659f8e6071d7e46131ed643bf8003b99b044e9",
   "d4ef66a63896cd60"],
  ["/home/matt.linux/lean/bridgeland-extract/BridgelandStability/PostnikovTower.lean",
   "3052002615e4bde2"],
  ["options", [["-DautoImplicit=false", "4a85acb881fd49d0"]]],
  ["isModule: false", "feefd2a0d3a1847e"],
  ["Module.name: BridgelandStability.PostnikovTower", "bf91a5140bc57b2c"],
  ["Package.id?: (some BridgelandStability)", "26eb1074d95a6ba6"],
  ["Module.leanArgs: #[]", "00000000000006bb"]],
 "depHash": "41f3154d13f5cd4c"}