{"synthetic": false,
 "schemaVersion": "2025-09-10",
 "outputs":
 {"o": ["2075c10009555222.olean"],
  "i": "27b71169783557a1.ilean",
  "c": "b06eab2d61ad8ce2.c"},
 "log":
 [{"message":
   ".> LEAN_PATH=/home/matt.linux/lean/bridgeland-extract/.lake/packages/Cli/.lake/build/lib/lean:/home/matt.linux/lean/bridgeland-extract/.lake/packages/batteries/.lake/build/lib/lean:/home/matt.linux/lean/bridgeland-extract/.lake/packages/Qq/.lake/build/lib/lean:/home/matt.linux/lean/bridgeland-extract/.lake/packages/aesop/.lake/build/lib/lean:/home/matt.linux/lean/bridgeland-extract/.lake/packages/proofwidgets/.lake/build/lib/lean:/home/matt.linux/lean/bridgeland-extract/.lake/packages/importGraph/.lake/build/lib/lean:/home/matt.linux/lean/bridgeland-extract/.lake/packages/LeanSearchClient/.lake/build/lib/lean:/home/matt.linux/lean/bridgeland-extract/.lake/packages/plausible/.lake/build/lib/lean:/home/matt.linux/lean/bridgeland-extract/.lake/packages/mathlib/.lake/build/lib/lean:/home/matt.linux/lean/bridgeland-extract/.lake/build/lib/lean /home/matt.linux/.elan/toolchains/leanprover--lean4---v4.29.0-rc6/bin/lean /home/matt.linux/lean/bridgeland-extract/BridgelandStability/Slicing.lean -o /home/matt.linux/lean/bridgeland-extract/.lake/build/lib/lean/BridgelandStability/Slicing.olean -i /home/matt.linux/lean/bridgeland-extract/.lake/build/lib/lean/BridgelandStability/Slicing.ilean -c /home/matt.linux/lean/bridgeland-extract/.lake/build/ir/BridgelandStability/Slicing.c --setup /home/matt.linux/lean/bridgeland-extract/.lake/build/ir/BridgelandStability/Slicing.setup.json --json",
   "level": "trace"},
  {"message":
   "BridgelandStability/Slicing.lean:2800:10: try 'simp' instead of 'simpa'\n\nNote: This linter can be disabled with `set_option linter.unnecessarySimpa false`",
   "level": "warning"},
  {"message":
   "BridgelandStability/Slicing.lean:2796:6: 'push_cast' tactic does nothing\n\nNote: This linter can be disabled with `set_option linter.unusedTactic false`",
   "level": "warning"},
  {"message":
   "BridgelandStability/Slicing.lean:2949:0: This file is 2949 lines long, but the limit is 2500.\n\nYou can extend the allowed length of the file using `set_option linter.style.longFile 3100`.\nYou can completely disable this linter by setting the length limit to `0`.\n\nNote: This linter can be disabled with `set_option linter.style.longFile 0`",
   "level": "warning"}],
 "inputs":
 [["BridgelandStability.Slicing:deps",
   [["deps",
     [["BridgelandStability/BridgelandStability:extraDep",
       [["@BridgelandStability:extraDep", "00000000000006bb"]]],
      ["imports",
       [["BridgelandStability.PostnikovTower transitive imports (legacy)",
         "a890518f1fcdcafa"],
        ["BridgelandStability.PostnikovTower:importAllArts",
         "bcbea2363803f107"],
        ["Mathlib.CategoryTheory.Triangulated.Triangulated transitive imports (legacy)",
         "d21eedc5b2456085"],
        ["Mathlib.CategoryTheory.Triangulated.Triangulated:importAllArts",
         "764aa797a1a29b03"],
        ["Mathlib.CategoryTheory.Triangulated.TStructure.Basic transitive imports (legacy)",
         "9dfc9935345022a3"],
        ["Mathlib.CategoryTheory.Triangulated.TStructure.Basic:importAllArts",
         "1a3e65c55a501351"],
        ["Mathlib.CategoryTheory.Triangulated.TStructure.Heart transitive imports (legacy)",
         "c4926ee483ace2ca"],
        ["Mathlib.CategoryTheory.Triangulated.TStructure.Heart:importAllArts",
         "aee3981a67075274"],
        ["Mathlib.CategoryTheory.ObjectProperty.ContainsZero transitive imports (legacy)",
         "ca25a434c789222f"],
        ["Mathlib.CategoryTheory.ObjectProperty.ContainsZero:importAllArts",
         "c4a7c711339214a1"],
        ["Mathlib.CategoryTheory.Subobject.Lattice transitive imports (legacy)",
         "5201ba85198a68c1"],
        ["Mathlib.CategoryTheory.Subobject.Lattice:importAllArts",
         "e80fe9b2faac6cb4"],
        ["Mathlib.Data.Real.Basic transitive imports (legacy)",
         "2c794fde50c43c59"],
        ["Mathlib.Data.Real.Basic:importAllArts", "2be527797afff05c"],
        ["Mathlib.Data.Real.Archimedean transitive imports (legacy)",
         "907fd8a0e26db6c9"],
        ["Mathlib.Data.Real.Archimedean:importAllArts", "649984326e195d92"],
        ["Mathlib.Tactic.Linarith transitive imports (legacy)",
         "71ce04505c7c8fd5"],
        ["Mathlib.Tactic.Linarith:importAllArts", "fa209680394d9575"],
        ["Mathlib.Tactic.Ring transitive imports (legacy)", "3bbb699767ce54cb"],
        ["Mathlib.Tactic.Ring:importAllArts", "8e9d8a40c42f8995"]]]]],
    ["libs",
     [["import dynlibs", "00000000000006bb"],
      ["package external libraries", "00000000000006bb"],
      ["module dynlibs", "00000000000006bb"],
      ["module plugins", "00000000000006bb"]]]]],
  ["Lean 4.29.0, commit 00659f8e6071d7e46131ed643bf8003b99b044e9",
   "d4ef66a63896cd60"],
  ["/home/matt.linux/lean/bridgeland-extract/BridgelandStability/Slicing.lean",
   "d156a3eef3995d5e"],
  ["options", [["-DautoImplicit=false", "4a85acb881fd49d0"]]],
  ["isModule: false", "feefd2a0d3a1847e"],
  ["Module.name: BridgelandStability.Slicing", "257b9459fe18dcbd"],
  ["Package.id?: (some BridgelandStability)", "26eb1074d95a6ba6"],
  ["Module.leanArgs: #[]", "00000000000006bb"]],
 "depHash": "72bcdfe4dca0ea94"}