{"synthetic": false,
 "schemaVersion": "2025-09-10",
 "outputs":
 {"o": ["e36137dcb302c0ad.olean"],
  "i": "f46bf8eb387b0ad1.ilean",
  "c": "1c66ea3220a2c420.c"},
 "log":
 [{"message":
   ".> LEAN_PATH=/home/matt.linux/lean/bridgeland-extract/.lake/packages/Cli/.lake/build/lib/lean:/home/matt.linux/lean/bridgeland-extract/.lake/packages/batteries/.lake/build/lib/lean:/home/matt.linux/lean/bridgeland-extract/.lake/packages/Qq/.lake/build/lib/lean:/home/matt.linux/lean/bridgeland-extract/.lake/packages/aesop/.lake/build/lib/lean:/home/matt.linux/lean/bridgeland-extract/.lake/packages/proofwidgets/.lake/build/lib/lean:/home/matt.linux/lean/bridgeland-extract/.lake/packages/importGraph/.lake/build/lib/lean:/home/matt.linux/lean/bridgeland-extract/.lake/packages/LeanSearchClient/.lake/build/lib/lean:/home/matt.linux/lean/bridgeland-extract/.lake/packages/plausible/.lake/build/lib/lean:/home/matt.linux/lean/bridgeland-extract/.lake/packages/mathlib/.lake/build/lib/lean:/home/matt.linux/lean/bridgeland-extract/.lake/build/lib/lean /home/matt.linux/.elan/toolchains/leanprover--lean4---v4.29.0-rc6/bin/lean /home/matt.linux/lean/bridgeland-extract/BridgelandStability/StabilityCondition.lean -o /home/matt.linux/lean/bridgeland-extract/.lake/build/lib/lean/BridgelandStability/StabilityCondition.olean -i /home/matt.linux/lean/bridgeland-extract/.lake/build/lib/lean/BridgelandStability/StabilityCondition.ilean -c /home/matt.linux/lean/bridgeland-extract/.lake/build/ir/BridgelandStability/StabilityCondition.c --setup /home/matt.linux/lean/bridgeland-extract/.lake/build/ir/BridgelandStability/StabilityCondition.setup.json --json",
   "level": "trace"},
  {"message":
   "BridgelandStability/StabilityCondition.lean:252:26: Try this:\n  [apply] ring_nf\n  \n  The `ring` tactic failed to close the goal. Use `ring_nf` to obtain a normal form.\n    \n  Note that `ring` works primarily in *commutative* rings. If you have a noncommutative ring, abelian group or module, consider using `noncomm_ring`, `abel` or `module` instead.",
   "level": "info"},
  {"message":
   "BridgelandStability/StabilityCondition.lean:293:26: Try this:\n  [apply] ring_nf\n  \n  The `ring` tactic failed to close the goal. Use `ring_nf` to obtain a normal form.\n    \n  Note that `ring` works primarily in *commutative* rings. If you have a noncommutative ring, abelian group or module, consider using `noncomm_ring`, `abel` or `module` instead.",
   "level": "info"},
  {"message":
   "BridgelandStability/StabilityCondition.lean:331:0: automatically included section variable(s) unused in theorem `CategoryTheory.Triangulated.slicingDist_self`:\n  [IsTriangulated C]\nconsider restructuring your `variable` declarations so that the variables are not in scope or explicitly omit them:\n  omit [IsTriangulated C] in theorem ...\n\nNote: This linter can be disabled with `set_option linter.unusedSectionVars false`",
   "level": "warning"},
  {"message":
   "BridgelandStability/StabilityCondition.lean:335:0: automatically included section variable(s) unused in theorem `CategoryTheory.Triangulated.slicingDist_symm`:\n  [IsTriangulated C]\nconsider restructuring your `variable` declarations so that the variables are not in scope or explicitly omit them:\n  omit [IsTriangulated C] in theorem ...\n\nNote: This linter can be disabled with `set_option linter.unusedSectionVars false`",
   "level": "warning"},
  {"message":
   "BridgelandStability/StabilityCondition.lean:340:0: automatically included section variable(s) unused in theorem `CategoryTheory.Triangulated.slicingDist_triangle`:\n  [IsTriangulated C]\nconsider restructuring your `variable` declarations so that the variables are not in scope or explicitly omit them:\n  omit [IsTriangulated C] in theorem ...\n\nNote: This linter can be disabled with `set_option linter.unusedSectionVars false`",
   "level": "warning"},
  {"message":
   "BridgelandStability/StabilityCondition.lean:381:0: automatically included section variable(s) unused in theorem `CategoryTheory.Triangulated.phiPlus_sub_lt_of_slicingDist`:\n  [IsTriangulated C]\nconsider restructuring your `variable` declarations so that the variables are not in scope or explicitly omit them:\n  omit [IsTriangulated C] in theorem ...\n\nNote: This linter can be disabled with `set_option linter.unusedSectionVars false`",
   "level": "warning"},
  {"message":
   "BridgelandStability/StabilityCondition.lean:399:0: automatically included section variable(s) unused in theorem `CategoryTheory.Triangulated.phiMinus_sub_lt_of_slicingDist`:\n  [IsTriangulated C]\nconsider restructuring your `variable` declarations so that the variables are not in scope or explicitly omit them:\n  omit [IsTriangulated C] in theorem ...\n\nNote: This linter can be disabled with `set_option linter.unusedSectionVars false`",
   "level": "warning"},
  {"message":
   "BridgelandStability/StabilityCondition.lean:434:0: automatically included section variable(s) unused in theorem `CategoryTheory.Triangulated.slicingDist_le_of_phase_bounds`:\n  [IsTriangulated C]\nconsider restructuring your `variable` declarations so that the variables are not in scope or explicitly omit them:\n  omit [IsTriangulated C] in theorem ...\n\nNote: This linter can be disabled with `set_option linter.unusedSectionVars false`",
   "level": "warning"},
  {"message":
   "BridgelandStability/StabilityCondition.lean:1347:0: automatically included section variable(s) unused in theorem `CategoryTheory.Triangulated.gt_phases_of_gtProp`:\n  [IsTriangulated C]\nconsider restructuring your `variable` declarations so that the variables are not in scope or explicitly omit them:\n  omit [IsTriangulated C] in theorem ...\n\nNote: This linter can be disabled with `set_option linter.unusedSectionVars false`",
   "level": "warning"},
  {"message":
   "BridgelandStability/StabilityCondition.lean:1361:0: automatically included section variable(s) unused in theorem `CategoryTheory.Triangulated.phiPlus_le_of_leProp`:\n  [IsTriangulated C]\nconsider restructuring your `variable` declarations so that the variables are not in scope or explicitly omit them:\n  omit [IsTriangulated C] in theorem ...\n\nNote: This linter can be disabled with `set_option linter.unusedSectionVars false`",
   "level": "warning"},
  {"message":
   "BridgelandStability/StabilityCondition.lean:1375:8: automatically included section variable(s) unused in theorem `_private.BridgelandStability.StabilityCondition.0.CategoryTheory.Triangulated.bridgeland_6_4_one_dir`:\n  [IsTriangulated C]\nconsider restructuring your `variable` declarations so that the variables are not in scope or explicitly omit them:\n  omit [IsTriangulated C] in theorem ...\n\nNote: This linter can be disabled with `set_option linter.unusedSectionVars false`",
   "level": "warning"},
  {"message":
   "BridgelandStability/StabilityCondition.lean:1586:0: automatically included section variable(s) unused in theorem `CategoryTheory.Triangulated.bridgeland_lemma_6_4`:\n  [IsTriangulated C]\nconsider restructuring your `variable` declarations so that the variables are not in scope or explicitly omit them:\n  omit [IsTriangulated C] in theorem ...\n\nNote: This linter can be disabled with `set_option linter.unusedSectionVars false`",
   "level": "warning"}],
 "inputs":
 [["BridgelandStability.StabilityCondition:deps",
   [["deps",
     [["BridgelandStability/BridgelandStability:extraDep",
       [["@BridgelandStability:extraDep", "00000000000006bb"]]],
      ["imports",
       [["BridgelandStability.GrothendieckGroup transitive imports (legacy)",
         "05f66abba00bae25"],
        ["BridgelandStability.GrothendieckGroup:importAllArts",
         "99b4b075c87ce035"],
        ["BridgelandStability.IntervalCategory transitive imports (legacy)",
         "3b8a0515f995b688"],
        ["BridgelandStability.IntervalCategory:importAllArts",
         "00623c45d2afce45"],
        ["Mathlib.Topology.IsLocalHomeomorph transitive imports (legacy)",
         "e8d0a55245381c86"],
        ["Mathlib.Topology.IsLocalHomeomorph:importAllArts",
         "a26ba0122ab8a7fb"],
        ["Mathlib.Analysis.SpecialFunctions.Complex.Circle transitive imports (legacy)",
         "e2ac84d4398c3d66"],
        ["Mathlib.Analysis.SpecialFunctions.Complex.Circle:importAllArts",
         "73e6c2c693775867"],
        ["Mathlib.Topology.Connected.Clopen transitive imports (legacy)",
         "62da734cc8643aa2"],
        ["Mathlib.Topology.Connected.Clopen:importAllArts", "71fbf1c08757453e"],
        ["Mathlib.Data.ENNReal.Basic transitive imports (legacy)",
         "dd68b1952788c69e"],
        ["Mathlib.Data.ENNReal.Basic:importAllArts", "f5df57f062d1bead"],
        ["Mathlib.Analysis.SpecialFunctions.Trigonometric.Bounds transitive imports (legacy)",
         "bdc4b9915dff9c5b"],
        ["Mathlib.Analysis.SpecialFunctions.Trigonometric.Bounds:importAllArts",
         "009ed6fecae3547f"],
        ["Mathlib.Analysis.Real.Pi.Bounds transitive imports (legacy)",
         "75d710e56e29a1ca"],
        ["Mathlib.Analysis.Real.Pi.Bounds:importAllArts",
         "dca2061e84d7dd87"]]]]],
    ["libs",
     [["import dynlibs", "00000000000006bb"],
      ["package external libraries", "00000000000006bb"],
      ["module dynlibs", "00000000000006bb"],
      ["module plugins", "00000000000006bb"]]]]],
  ["Lean 4.29.0, commit 00659f8e6071d7e46131ed643bf8003b99b044e9",
   "d4ef66a63896cd60"],
  ["/home/matt.linux/lean/bridgeland-extract/BridgelandStability/StabilityCondition.lean",
   "7cf6b7978af40744"],
  ["options", [["-DautoImplicit=false", "4a85acb881fd49d0"]]],
  ["isModule: false", "feefd2a0d3a1847e"],
  ["Module.name: BridgelandStability.StabilityCondition", "2071c94298092d01"],
  ["Package.id?: (some BridgelandStability)", "26eb1074d95a6ba6"],
  ["Module.leanArgs: #[]", "00000000000006bb"]],
 "depHash": "d0d4e38b6e808177"}