{"synthetic": false,
 "schemaVersion": "2025-09-10",
 "outputs":
 {"o": ["0b4fa87cfff3f1e5.olean"],
  "i": "2f6349244508a7c2.ilean",
  "c": "b2e4262e7b2b3c46.c"},
 "log":
 [{"message":
   ".> LEAN_PATH=/home/matt.linux/lean/bridgeland-extract/.lake/packages/Cli/.lake/build/lib/lean:/home/matt.linux/lean/bridgeland-extract/.lake/packages/batteries/.lake/build/lib/lean:/home/matt.linux/lean/bridgeland-extract/.lake/packages/Qq/.lake/build/lib/lean:/home/matt.linux/lean/bridgeland-extract/.lake/packages/aesop/.lake/build/lib/lean:/home/matt.linux/lean/bridgeland-extract/.lake/packages/proofwidgets/.lake/build/lib/lean:/home/matt.linux/lean/bridgeland-extract/.lake/packages/importGraph/.lake/build/lib/lean:/home/matt.linux/lean/bridgeland-extract/.lake/packages/LeanSearchClient/.lake/build/lib/lean:/home/matt.linux/lean/bridgeland-extract/.lake/packages/plausible/.lake/build/lib/lean:/home/matt.linux/lean/bridgeland-extract/.lake/packages/mathlib/.lake/build/lib/lean:/home/matt.linux/lean/bridgeland-extract/.lake/build/lib/lean /home/matt.linux/.elan/toolchains/leanprover--lean4---v4.29.0-rc6/bin/lean /home/matt.linux/lean/bridgeland-extract/BridgelandStability/StabilityFunction.lean -o /home/matt.linux/lean/bridgeland-extract/.lake/build/lib/lean/BridgelandStability/StabilityFunction.olean -i /home/matt.linux/lean/bridgeland-extract/.lake/build/lib/lean/BridgelandStability/StabilityFunction.ilean -c /home/matt.linux/lean/bridgeland-extract/.lake/build/ir/BridgelandStability/StabilityFunction.c --setup /home/matt.linux/lean/bridgeland-extract/.lake/build/ir/BridgelandStability/StabilityFunction.setup.json --json",
   "level": "trace"},
  {"message":
   "BridgelandStability/StabilityFunction.lean:1596:18: try 'simp' instead of 'simpa'\n\nNote: This linter can be disabled with `set_option linter.unnecessarySimpa false`",
   "level": "warning"},
  {"message":
   "BridgelandStability/StabilityFunction.lean:1690:44: This simp argument is unused:\n  Category.assoc\n\nHint: Omit it from the simp argument list.\n  simp ̵[̵C̵a̵t̵e̵g̵o̵r̵y̵.̵a̵s̵s̵o̵c̵]̵\n\nNote: This linter can be disabled with `set_option linter.unusedSimpArgs false`",
   "level": "warning"},
  {"message":
   "BridgelandStability/StabilityFunction.lean:1719:30: try 'simp' instead of 'simpa'\n\nNote: This linter can be disabled with `set_option linter.unnecessarySimpa false`",
   "level": "warning"},
  {"message":
   "BridgelandStability/StabilityFunction.lean:1895:4: try 'simp' instead of 'simpa'\n\nNote: This linter can be disabled with `set_option linter.unnecessarySimpa false`",
   "level": "warning"},
  {"message":
   "BridgelandStability/StabilityFunction.lean:1905:6: try 'simp' instead of 'simpa'\n\nNote: This linter can be disabled with `set_option linter.unnecessarySimpa false`",
   "level": "warning"},
  {"message":
   "BridgelandStability/StabilityFunction.lean:1915:20: This simp argument is unused:\n  Category.assoc\n\nHint: Omit it from the simp argument list.\n  simp ̵[̵C̵a̵t̵e̵g̵o̵r̵y̵.̵a̵s̵s̵o̵c̵]̵\n\nNote: This linter can be disabled with `set_option linter.unusedSimpArgs false`",
   "level": "warning"},
  {"message":
   "BridgelandStability/StabilityFunction.lean:1988:8: automatically included section variable(s) unused in theorem `_private.BridgelandStability.StabilityFunction.0.CategoryTheory.Subobject.map_eq_mk`:\n  [Abelian A]\nconsider restructuring your `variable` declarations so that the variables are not in scope or explicitly omit them:\n  omit [Abelian A] in theorem ...\n\nNote: This linter can be disabled with `set_option linter.unusedSectionVars false`",
   "level": "warning"},
  {"message":
   "BridgelandStability/StabilityFunction.lean:2007:29: This simp argument is unused:\n  Subobject.map_eq_mk\n\nHint: Omit it from the simp argument list.\n  simp [Subobject.mapSubIso, S̵u̵b̵o̵b̵j̵e̵c̵t̵.̵m̵a̵p̵_̵e̵q̵_̵m̵k̵,̵ ̵Category.assoc]\n\nNote: This linter can be disabled with `set_option linter.unusedSimpArgs false`",
   "level": "warning"},
  {"message":
   "BridgelandStability/StabilityFunction.lean:2051:18: This simp argument is unused:\n  hT\n\nHint: Omit it from the simp argument list.\n  simp [eT, h̵T, T̵,̵ ̵Category.assoc, Subobject.mapSubIso, Subobject.map_eq_mk]\n\nNote: This linter can be disabled with `set_option linter.unusedSimpArgs false`",
   "level": "warning"},
  {"message":
   "BridgelandStability/StabilityFunction.lean:2051:62: This simp argument is unused:\n  Subobject.map_eq_mk\n\nHint: Omit it from the simp argument list.\n  simp [eT, hT, T, Category.assoc, Subobject.mapSubIso,̵ ̵S̵u̵b̵o̵b̵j̵e̵c̵t̵.̵m̵a̵p̵_̵e̵q̵_̵m̵k̵]\n\nNote: This linter can be disabled with `set_option linter.unusedSimpArgs false`",
   "level": "warning"},
  {"message":
   "BridgelandStability/StabilityFunction.lean:2054:8: automatically included section variable(s) unused in theorem `_private.BridgelandStability.StabilityFunction.0.CategoryTheory.Subobject.map_eq_mk_mono`:\n  [Abelian A]\nconsider restructuring your `variable` declarations so that the variables are not in scope or explicitly omit them:\n  omit [Abelian A] in theorem ...\n\nNote: This linter can be disabled with `set_option linter.unusedSectionVars false`",
   "level": "warning"},
  {"message":
   "BridgelandStability/StabilityFunction.lean:2073:30: This simp argument is unused:\n  Subobject.map_eq_mk_mono\n\nHint: Omit it from the simp argument list.\n  simp [Subobject.mapMonoIso, S̵u̵b̵o̵b̵j̵e̵c̵t̵.̵m̵a̵p̵_̵e̵q̵_̵m̵k̵_̵m̵o̵n̵o̵,̵ ̵Category.assoc]\n\nNote: This linter can be disabled with `set_option linter.unusedSimpArgs false`",
   "level": "warning"},
  {"message":
   "BridgelandStability/StabilityFunction.lean:2113:12: try 'simp' instead of 'simpa'\n\nNote: This linter can be disabled with `set_option linter.unnecessarySimpa false`",
   "level": "warning"},
  {"message":
   "BridgelandStability/StabilityFunction.lean:2176:10: try 'simp' instead of 'simpa'\n\nNote: This linter can be disabled with `set_option linter.unnecessarySimpa false`",
   "level": "warning"},
  {"message":
   "BridgelandStability/StabilityFunction.lean:2180:10: try 'simp' instead of 'simpa'\n\nNote: This linter can be disabled with `set_option linter.unnecessarySimpa false`",
   "level": "warning"},
  {"message":
   "BridgelandStability/StabilityFunction.lean:2214:10: try 'simp' instead of 'simpa'\n\nNote: This linter can be disabled with `set_option linter.unnecessarySimpa false`",
   "level": "warning"},
  {"message":
   "BridgelandStability/StabilityFunction.lean:2218:10: try 'simp' instead of 'simpa'\n\nNote: This linter can be disabled with `set_option linter.unnecessarySimpa false`",
   "level": "warning"},
  {"message":
   "BridgelandStability/StabilityFunction.lean:3087:0: This file is 3087 lines long, but the limit is 2100.\n\nYou can extend the allowed length of the file using `set_option linter.style.longFile 3200`.\nYou can completely disable this linter by setting the length limit to `0`.\n\nNote: This linter can be disabled with `set_option linter.style.longFile 0`",
   "level": "warning"}],
 "inputs":
 [["BridgelandStability.StabilityFunction:deps",
   [["deps",
     [["BridgelandStability/BridgelandStability:extraDep",
       [["@BridgelandStability:extraDep", "00000000000006bb"]]],
      ["imports",
       [["Mathlib.CategoryTheory.Abelian.Basic transitive imports (legacy)",
         "658cca0abfe04c6b"],
        ["Mathlib.CategoryTheory.Abelian.Basic:importAllArts",
         "9cfb5087c311f0b5"],
        ["Mathlib.CategoryTheory.Abelian.Exact transitive imports (legacy)",
         "59c8f7328e0c89b5"],
        ["Mathlib.CategoryTheory.Abelian.Exact:importAllArts",
         "15d36e7cbe01dd74"],
        ["Mathlib.CategoryTheory.Subobject.Lattice transitive imports (legacy)",
         "5201ba85198a68c1"],
        ["Mathlib.CategoryTheory.Subobject.Lattice:importAllArts",
         "e80fe9b2faac6cb4"],
        ["Mathlib.CategoryTheory.Subobject.ArtinianObject transitive imports (legacy)",
         "a37619f13a7d3c3d"],
        ["Mathlib.CategoryTheory.Subobject.ArtinianObject:importAllArts",
         "3198f4ca4115018a"],
        ["Mathlib.CategoryTheory.Subobject.NoetherianObject transitive imports (legacy)",
         "ce4b77004bd4312e"],
        ["Mathlib.CategoryTheory.Subobject.NoetherianObject:importAllArts",
         "1f1223260fb5f460"],
        ["Mathlib.CategoryTheory.Simple transitive imports (legacy)",
         "6d3e7aa851249986"],
        ["Mathlib.CategoryTheory.Simple:importAllArts", "41eb53032d6d8cdd"],
        ["Mathlib.Algebra.Homology.ShortComplex.ShortExact transitive imports (legacy)",
         "6283fc7df0a23f94"],
        ["Mathlib.Algebra.Homology.ShortComplex.ShortExact:importAllArts",
         "15222147a6328459"],
        ["Mathlib.Analysis.SpecialFunctions.Complex.Arg transitive imports (legacy)",
         "a05ff752449c6bd6"],
        ["Mathlib.Analysis.SpecialFunctions.Complex.Arg:importAllArts",
         "977ee15b2ea3241c"],
        ["Mathlib.Order.Minimal transitive imports (legacy)",
         "1e6129c0101ce63b"],
        ["Mathlib.Order.Minimal:importAllArts", "bebe6710e317e8e8"],
        ["Mathlib.Data.Fintype.Lattice transitive imports (legacy)",
         "8da1a28f9eb7ef69"],
        ["Mathlib.Data.Fintype.Lattice:importAllArts", "ce70c270dfae93a1"]]]]],
    ["libs",
     [["import dynlibs", "00000000000006bb"],
      ["package external libraries", "00000000000006bb"],
      ["module dynlibs", "00000000000006bb"],
      ["module plugins", "00000000000006bb"]]]]],
  ["Lean 4.29.0, commit 00659f8e6071d7e46131ed643bf8003b99b044e9",
   "d4ef66a63896cd60"],
  ["/home/matt.linux/lean/bridgeland-extract/BridgelandStability/StabilityFunction.lean",
   "d8adba30a00fcb54"],
  ["options", [["-DautoImplicit=false", "4a85acb881fd49d0"]]],
  ["isModule: false", "feefd2a0d3a1847e"],
  ["Module.name: BridgelandStability.StabilityFunction", "14e39790c86fd4b9"],
  ["Package.id?: (some BridgelandStability)", "26eb1074d95a6ba6"],
  ["Module.leanArgs: #[]", "00000000000006bb"]],
 "depHash": "1a055272ee92452c"}