{"synthetic": false,
 "schemaVersion": "2025-09-10",
 "outputs":
 {"o": ["960aee03e3a2877b.olean"],
  "i": "beabfecb2edc3a11.ilean",
  "c": "4885dd6305e47826.c"},
 "log":
 [{"message":
   ".> LEAN_PATH=/home/matt.linux/lean/bridgeland-extract/.lake/packages/Cli/.lake/build/lib/lean:/home/matt.linux/lean/bridgeland-extract/.lake/packages/batteries/.lake/build/lib/lean:/home/matt.linux/lean/bridgeland-extract/.lake/packages/Qq/.lake/build/lib/lean:/home/matt.linux/lean/bridgeland-extract/.lake/packages/aesop/.lake/build/lib/lean:/home/matt.linux/lean/bridgeland-extract/.lake/packages/proofwidgets/.lake/build/lib/lean:/home/matt.linux/lean/bridgeland-extract/.lake/packages/importGraph/.lake/build/lib/lean:/home/matt.linux/lean/bridgeland-extract/.lake/packages/LeanSearchClient/.lake/build/lib/lean:/home/matt.linux/lean/bridgeland-extract/.lake/packages/plausible/.lake/build/lib/lean:/home/matt.linux/lean/bridgeland-extract/.lake/packages/mathlib/.lake/build/lib/lean:/home/matt.linux/lean/bridgeland-extract/.lake/build/lib/lean /home/matt.linux/.elan/toolchains/leanprover--lean4---v4.29.0-rc6/bin/lean /home/matt.linux/lean/bridgeland-extract/BridgelandStability/Strict.lean -o /home/matt.linux/lean/bridgeland-extract/.lake/build/lib/lean/BridgelandStability/Strict.olean -i /home/matt.linux/lean/bridgeland-extract/.lake/build/lib/lean/BridgelandStability/Strict.ilean -c /home/matt.linux/lean/bridgeland-extract/.lake/build/ir/BridgelandStability/Strict.c --setup /home/matt.linux/lean/bridgeland-extract/.lake/build/ir/BridgelandStability/Strict.setup.json --json",
   "level": "trace"},
  {"message":
   "BridgelandStability/Strict.lean:93:4: try 'simp' instead of 'simpa'\n\nNote: This linter can be disabled with `set_option linter.unnecessarySimpa false`",
   "level": "warning"},
  {"message":
   "BridgelandStability/Strict.lean:106:4: try 'simp' instead of 'simpa'\n\nNote: This linter can be disabled with `set_option linter.unnecessarySimpa false`",
   "level": "warning"},
  {"message":
   "BridgelandStability/Strict.lean:164:4: try 'simp' instead of 'simpa'\n\nNote: This linter can be disabled with `set_option linter.unnecessarySimpa false`",
   "level": "warning"},
  {"message":
   "BridgelandStability/Strict.lean:179:39: try 'simp' instead of 'simpa'\n\nNote: This linter can be disabled with `set_option linter.unnecessarySimpa false`",
   "level": "warning"},
  {"message":
   "BridgelandStability/Strict.lean:186:45: try 'simp' instead of 'simpa'\n\nNote: This linter can be disabled with `set_option linter.unnecessarySimpa false`",
   "level": "warning"},
  {"message":
   "BridgelandStability/Strict.lean:187:30: This simp argument is unused:\n  Category.assoc\n\nHint: Omit it from the simp argument list.\n  simp ̵[̵C̵a̵t̵e̵g̵o̵r̵y̵.̵a̵s̵s̵o̵c̵]̵\n\nNote: This linter can be disabled with `set_option linter.unusedSimpArgs false`",
   "level": "warning"},
  {"message":
   "BridgelandStability/Strict.lean:194:66: try 'simp' instead of 'simpa'\n\nNote: This linter can be disabled with `set_option linter.unnecessarySimpa false`",
   "level": "warning"},
  {"message":
   "BridgelandStability/Strict.lean:197:36: try 'simp' instead of 'simpa'\n\nNote: This linter can be disabled with `set_option linter.unnecessarySimpa false`",
   "level": "warning"},
  {"message":
   "BridgelandStability/Strict.lean:207:56: try 'simp' instead of 'simpa'\n\nNote: This linter can be disabled with `set_option linter.unnecessarySimpa false`",
   "level": "warning"},
  {"message":
   "BridgelandStability/Strict.lean:210:32: try 'simp' instead of 'simpa'\n\nNote: This linter can be disabled with `set_option linter.unnecessarySimpa false`",
   "level": "warning"},
  {"message":
   "BridgelandStability/Strict.lean:215:0: Definition `CategoryTheory.IsStrictEpi.normalEpi` of class type must be marked with `@[reducible]` or `@[implicit_reducible]`",
   "level": "warning"},
  {"message":
   "BridgelandStability/Strict.lean:239:0: Definition `CategoryTheory.IsStrictMono.normalMono` of class type must be marked with `@[reducible]` or `@[implicit_reducible]`",
   "level": "warning"},
  {"message":
   "BridgelandStability/Strict.lean:410:0: automatically included section variable(s) unused in theorem `CategoryTheory.Subobject.isStrict_iff`:\n  [Preadditive C]\nconsider restructuring your `variable` declarations so that the variables are not in scope or explicitly omit them:\n  omit [Preadditive C] in theorem ...\n\nNote: This linter can be disabled with `set_option linter.unusedSectionVars false`",
   "level": "warning"},
  {"message":
   "BridgelandStability/Strict.lean:447:0: automatically included section variable(s) unused in theorem `CategoryTheory.isStrictArtinianObject_of_isArtinianObject`:\n  [Preadditive C]\nconsider restructuring your `variable` declarations so that the variables are not in scope or explicitly omit them:\n  omit [Preadditive C] in theorem ...\n\nNote: This linter can be disabled with `set_option linter.unusedSectionVars false`",
   "level": "warning"},
  {"message":
   "BridgelandStability/Strict.lean:460:0: automatically included section variable(s) unused in theorem `CategoryTheory.isStrictNoetherianObject_of_isNoetherianObject`:\n  [Preadditive C]\nconsider restructuring your `variable` declarations so that the variables are not in scope or explicitly omit them:\n  omit [Preadditive C] in theorem ...\n\nNote: This linter can be disabled with `set_option linter.unusedSectionVars false`",
   "level": "warning"},
  {"message":
   "BridgelandStability/Strict.lean:548:4: try 'simp' instead of 'simpa'\n\nNote: This linter can be disabled with `set_option linter.unnecessarySimpa false`",
   "level": "warning"},
  {"message":
   "BridgelandStability/Strict.lean:546:4: 'change F.map (Subobject.ofMkLEMk f₁ f₂ h) ≫ F.map f₂ = F.map f₁' tactic does nothing\n\nNote: This linter can be disabled with `set_option linter.unusedTactic false`",
   "level": "warning"},
  {"message":
   "BridgelandStability/Strict.lean:640:4: try 'simp' instead of 'simpa'\n\nNote: This linter can be disabled with `set_option linter.unnecessarySimpa false`",
   "level": "warning"},
  {"message":
   "BridgelandStability/Strict.lean:622:8: automatically included section variable(s) unused in theorem `_private.BridgelandStability.Strict.0.CategoryTheory.strictSubobjectImageOfFaithful_monotone`:\n  [Preadditive A]\n  [Preadditive C]\nconsider restructuring your `variable` declarations so that the variables are not in scope or explicitly omit them:\n  omit [Preadditive A] [Preadditive C] in theorem ...\n\nNote: This linter can be disabled with `set_option linter.unusedSectionVars false`",
   "level": "warning"},
  {"message":
   "BridgelandStability/Strict.lean:637:4: 'change F.map (Subobject.ofMkLEMk B₁.1.arrow B₂.1.arrow hmk) ≫ F.map B₂.1.arrow = F.map B₁.1.arrow' tactic does nothing\n\nNote: This linter can be disabled with `set_option linter.unusedTactic false`",
   "level": "warning"},
  {"message":
   "BridgelandStability/Strict.lean:642:8: automatically included section variable(s) unused in theorem `_private.BridgelandStability.Strict.0.CategoryTheory.strictSubobjectImageOfFaithful_injective`:\n  [Preadditive A]\n  [Preadditive C]\nconsider restructuring your `variable` declarations so that the variables are not in scope or explicitly omit them:\n  omit [Preadditive A] [Preadditive C] in theorem ...\n\nNote: This linter can be disabled with `set_option linter.unusedSectionVars false`",
   "level": "warning"}],
 "inputs":
 [["BridgelandStability.Strict:deps",
   [["deps",
     [["BridgelandStability/BridgelandStability:extraDep",
       [["@BridgelandStability:extraDep", "00000000000006bb"]]],
      ["imports",
       [["Mathlib.CategoryTheory.Abelian.Basic transitive imports (legacy)",
         "658cca0abfe04c6b"],
        ["Mathlib.CategoryTheory.Abelian.Basic:importAllArts",
         "9cfb5087c311f0b5"],
        ["Mathlib.CategoryTheory.Limits.Shapes.Pullback.HasPullback transitive imports (legacy)",
         "6ee60ef7c13542e0"],
        ["Mathlib.CategoryTheory.Limits.Shapes.Pullback.HasPullback:importAllArts",
         "4b5d0d9d817f937c"],
        ["Mathlib.Algebra.Homology.ShortComplex.ShortExact transitive imports (legacy)",
         "6283fc7df0a23f94"],
        ["Mathlib.Algebra.Homology.ShortComplex.ShortExact:importAllArts",
         "15222147a6328459"],
        ["Mathlib.CategoryTheory.Subobject.Basic transitive imports (legacy)",
         "6cd1543eda66dce8"],
        ["Mathlib.CategoryTheory.Subobject.Basic:importAllArts",
         "a7aca2d6d404e223"],
        ["Mathlib.CategoryTheory.Subobject.ArtinianObject transitive imports (legacy)",
         "a37619f13a7d3c3d"],
        ["Mathlib.CategoryTheory.Subobject.ArtinianObject:importAllArts",
         "3198f4ca4115018a"],
        ["Mathlib.CategoryTheory.Subobject.NoetherianObject transitive imports (legacy)",
         "ce4b77004bd4312e"],
        ["Mathlib.CategoryTheory.Subobject.NoetherianObject:importAllArts",
         "1f1223260fb5f460"]]]]],
    ["libs",
     [["import dynlibs", "00000000000006bb"],
      ["package external libraries", "00000000000006bb"],
      ["module dynlibs", "00000000000006bb"],
      ["module plugins", "00000000000006bb"]]]]],
  ["Lean 4.29.0, commit 00659f8e6071d7e46131ed643bf8003b99b044e9",
   "d4ef66a63896cd60"],
  ["/home/matt.linux/lean/bridgeland-extract/BridgelandStability/Strict.lean",
   "4a080586c6ec2e3a"],
  ["options", [["-DautoImplicit=false", "4a85acb881fd49d0"]]],
  ["isModule: false", "feefd2a0d3a1847e"],
  ["Module.name: BridgelandStability.Strict", "e92e004b5e5b747c"],
  ["Package.id?: (some BridgelandStability)", "26eb1074d95a6ba6"],
  ["Module.leanArgs: #[]", "00000000000006bb"]],
 "depHash": "67d263bf6fb6fc8e"}