{"synthetic": false,
 "schemaVersion": "2025-09-10",
 "outputs":
 {"o": ["5a75562977a54984.olean"],
  "i": "74dabc43b2c12038.ilean",
  "c": "a01029a84f738141.c"},
 "log":
 [{"message":
   ".> LEAN_PATH=/home/matt.linux/lean/bridgeland-extract/.lake/packages/Cli/.lake/build/lib/lean:/home/matt.linux/lean/bridgeland-extract/.lake/packages/batteries/.lake/build/lib/lean:/home/matt.linux/lean/bridgeland-extract/.lake/packages/Qq/.lake/build/lib/lean:/home/matt.linux/lean/bridgeland-extract/.lake/packages/aesop/.lake/build/lib/lean:/home/matt.linux/lean/bridgeland-extract/.lake/packages/proofwidgets/.lake/build/lib/lean:/home/matt.linux/lean/bridgeland-extract/.lake/packages/importGraph/.lake/build/lib/lean:/home/matt.linux/lean/bridgeland-extract/.lake/packages/LeanSearchClient/.lake/build/lib/lean:/home/matt.linux/lean/bridgeland-extract/.lake/packages/plausible/.lake/build/lib/lean:/home/matt.linux/lean/bridgeland-extract/.lake/packages/mathlib/.lake/build/lib/lean:/home/matt.linux/lean/bridgeland-extract/.lake/build/lib/lean /home/matt.linux/.elan/toolchains/leanprover--lean4---v4.29.0-rc6/bin/lean /home/matt.linux/lean/bridgeland-extract/BridgelandStability/Deformation/BoundaryTriangles.lean -o /home/matt.linux/lean/bridgeland-extract/.lake/build/lib/lean/BridgelandStability/Deformation/BoundaryTriangles.olean -i /home/matt.linux/lean/bridgeland-extract/.lake/build/lib/lean/BridgelandStability/Deformation/BoundaryTriangles.ilean -c /home/matt.linux/lean/bridgeland-extract/.lake/build/ir/BridgelandStability/Deformation/BoundaryTriangles.c --setup /home/matt.linux/lean/bridgeland-extract/.lake/build/ir/BridgelandStability/Deformation/BoundaryTriangles.setup.json --json",
   "level": "trace"},
  {"message":
   "BridgelandStability/Deformation/BoundaryTriangles.lean:27:0: automatically included section variable(s) unused in theorem `CategoryTheory.Triangulated.exists_upper_boundary_triangle`:\n  [IsTriangulated C]\nconsider restructuring your `variable` declarations so that the variables are not in scope or explicitly omit them:\n  omit [IsTriangulated C] in theorem ...\n\nNote: This linter can be disabled with `set_option linter.unusedSectionVars false`",
   "level": "warning"},
  {"message":
   "BridgelandStability/Deformation/BoundaryTriangles.lean:29:21: unused variable `hab₂`\n\nNote: This linter can be disabled with `set_option linter.unusedVariables false`",
   "level": "warning"},
  {"message":
   "BridgelandStability/Deformation/BoundaryTriangles.lean:29:37: unused variable `hb`\n\nNote: This linter can be disabled with `set_option linter.unusedVariables false`",
   "level": "warning"},
  {"message":
   "BridgelandStability/Deformation/BoundaryTriangles.lean:70:0: automatically included section variable(s) unused in theorem `CategoryTheory.Triangulated.gtProp_of_geProp_of_lt`:\n  [IsTriangulated C]\nconsider restructuring your `variable` declarations so that the variables are not in scope or explicitly omit them:\n  omit [IsTriangulated C] in theorem ...\n\nNote: This linter can be disabled with `set_option linter.unusedSectionVars false`",
   "level": "warning"},
  {"message":
   "BridgelandStability/Deformation/BoundaryTriangles.lean:81:20: unused variable `hab`\n\nNote: This linter can be disabled with `set_option linter.unusedVariables false`",
   "level": "warning"},
  {"message":
   "BridgelandStability/Deformation/BoundaryTriangles.lean:196:0: automatically included section variable(s) unused in theorem `CategoryTheory.Triangulated.intervalProp_of_upper_boundary_triangle`:\n  [IsTriangulated C]\nconsider restructuring your `variable` declarations so that the variables are not in scope or explicitly omit them:\n  omit [IsTriangulated C] in theorem ...\n\nNote: This linter can be disabled with `set_option linter.unusedSectionVars false`",
   "level": "warning"},
  {"message":
   "BridgelandStability/Deformation/BoundaryTriangles.lean:297:20: unused variable `hab`\n\nNote: This linter can be disabled with `set_option linter.unusedVariables false`",
   "level": "warning"},
  {"message":
   "BridgelandStability/Deformation/BoundaryTriangles.lean:415:0: automatically included section variable(s) unused in theorem `CategoryTheory.Triangulated.exists_lower_boundary_triangle`:\n  [IsTriangulated C]\nconsider restructuring your `variable` declarations so that the variables are not in scope or explicitly omit them:\n  omit [IsTriangulated C] in theorem ...\n\nNote: This linter can be disabled with `set_option linter.unusedSectionVars false`",
   "level": "warning"},
  {"message":
   "BridgelandStability/Deformation/BoundaryTriangles.lean:417:20: unused variable `ha₂`\n\nNote: This linter can be disabled with `set_option linter.unusedVariables false`",
   "level": "warning"},
  {"message":
   "BridgelandStability/Deformation/BoundaryTriangles.lean:417:35: unused variable `ha`\n\nNote: This linter can be disabled with `set_option linter.unusedVariables false`",
   "level": "warning"},
  {"message":
   "BridgelandStability/Deformation/BoundaryTriangles.lean:447:0: automatically included section variable(s) unused in theorem `CategoryTheory.Triangulated.intervalProp_of_lower_boundary_triangle`:\n  [IsTriangulated C]\nconsider restructuring your `variable` declarations so that the variables are not in scope or explicitly omit them:\n  omit [IsTriangulated C] in theorem ...\n\nNote: This linter can be disabled with `set_option linter.unusedSectionVars false`",
   "level": "warning"},
  {"message":
   "BridgelandStability/Deformation/BoundaryTriangles.lean:449:5: unused variable `hb`\n\nNote: This linter can be disabled with `set_option linter.unusedVariables false`",
   "level": "warning"},
  {"message":
   "BridgelandStability/Deformation/BoundaryTriangles.lean:551:0: automatically included section variable(s) unused in theorem `CategoryTheory.Triangulated.exists_upper_boundary_strictShortExact`:\n  [IsTriangulated C]\nconsider restructuring your `variable` declarations so that the variables are not in scope or explicitly omit them:\n  omit [IsTriangulated C] in theorem ...\n\nNote: This linter can be disabled with `set_option linter.unusedSectionVars false`",
   "level": "warning"},
  {"message":
   "BridgelandStability/Deformation/BoundaryTriangles.lean:584:17: This simp argument is unused:\n  XI\n\nHint: Omit it from the simp argument list.\n  simp [S, QI, X̵I̵,̵ ̵YI]\n\nNote: This linter can be disabled with `set_option linter.unusedSimpArgs false`",
   "level": "warning"},
  {"message":
   "BridgelandStability/Deformation/BoundaryTriangles.lean:584:21: This simp argument is unused:\n  YI\n\nHint: Omit it from the simp argument list.\n  simp [S, QI, XI,̵ ̵Y̵I̵]\n\nNote: This linter can be disabled with `set_option linter.unusedSimpArgs false`",
   "level": "warning"},
  {"message":
   "BridgelandStability/Deformation/BoundaryTriangles.lean:590:0: automatically included section variable(s) unused in theorem `CategoryTheory.Triangulated.exists_lower_boundary_strictShortExact`:\n  [IsTriangulated C]\nconsider restructuring your `variable` declarations so that the variables are not in scope or explicitly omit them:\n  omit [IsTriangulated C] in theorem ...\n\nNote: This linter can be disabled with `set_option linter.unusedSectionVars false`",
   "level": "warning"},
  {"message":
   "BridgelandStability/Deformation/BoundaryTriangles.lean:622:17: This simp argument is unused:\n  XI\n\nHint: Omit it from the simp argument list.\n  simp [S, KI, X̵I̵,̵ ̵YI]\n\nNote: This linter can be disabled with `set_option linter.unusedSimpArgs false`",
   "level": "warning"},
  {"message":
   "BridgelandStability/Deformation/BoundaryTriangles.lean:622:21: This simp argument is unused:\n  YI\n\nHint: Omit it from the simp argument list.\n  simp [S, KI, XI,̵ ̵Y̵I̵]\n\nNote: This linter can be disabled with `set_option linter.unusedSimpArgs false`",
   "level": "warning"}],
 "inputs":
 [["BridgelandStability.Deformation.BoundaryTriangles:deps",
   [["deps",
     [["BridgelandStability/BridgelandStability:extraDep",
       [["@BridgelandStability:extraDep", "00000000000006bb"]]],
      ["imports",
       [["BridgelandStability.Deformation.PhaseConfinement transitive imports (legacy)",
         "bc0acc3d0c8ffb46"],
        ["BridgelandStability.Deformation.PhaseConfinement:importAllArts",
         "35e8691ed8f6b6d4"]]]]],
    ["libs",
     [["import dynlibs", "00000000000006bb"],
      ["package external libraries", "00000000000006bb"],
      ["module dynlibs", "00000000000006bb"],
      ["module plugins", "00000000000006bb"]]]]],
  ["Lean 4.29.0, commit 00659f8e6071d7e46131ed643bf8003b99b044e9",
   "d4ef66a63896cd60"],
  ["/home/matt.linux/lean/bridgeland-extract/BridgelandStability/Deformation/BoundaryTriangles.lean",
   "06afc3ceabd5450d"],
  ["options", [["-DautoImplicit=false", "4a85acb881fd49d0"]]],
  ["isModule: false", "feefd2a0d3a1847e"],
  ["Module.name: BridgelandStability.Deformation.BoundaryTriangles",
   "befa2feb9754e8f1"],
  ["Package.id?: (some BridgelandStability)", "26eb1074d95a6ba6"],
  ["Module.leanArgs: #[]", "00000000000006bb"]],
 "depHash": "9814faf731323d38"}