{"synthetic": false,
 "schemaVersion": "2025-09-10",
 "outputs":
 {"o": ["e78ac68ba0d99db6.olean"],
  "i": "5d42ee481403d602.ilean",
  "c": "24d82d62a82a17dd.c"},
 "log":
 [{"message":
   ".> LEAN_PATH=/home/matt.linux/lean/bridgeland-extract/.lake/packages/Cli/.lake/build/lib/lean:/home/matt.linux/lean/bridgeland-extract/.lake/packages/batteries/.lake/build/lib/lean:/home/matt.linux/lean/bridgeland-extract/.lake/packages/Qq/.lake/build/lib/lean:/home/matt.linux/lean/bridgeland-extract/.lake/packages/aesop/.lake/build/lib/lean:/home/matt.linux/lean/bridgeland-extract/.lake/packages/proofwidgets/.lake/build/lib/lean:/home/matt.linux/lean/bridgeland-extract/.lake/packages/importGraph/.lake/build/lib/lean:/home/matt.linux/lean/bridgeland-extract/.lake/packages/LeanSearchClient/.lake/build/lib/lean:/home/matt.linux/lean/bridgeland-extract/.lake/packages/plausible/.lake/build/lib/lean:/home/matt.linux/lean/bridgeland-extract/.lake/packages/mathlib/.lake/build/lib/lean:/home/matt.linux/lean/bridgeland-extract/.lake/build/lib/lean /home/matt.linux/.elan/toolchains/leanprover--lean4---v4.29.0-rc6/bin/lean /home/matt.linux/lean/bridgeland-extract/BridgelandStability/Deformation/PPhiAbelian.lean -o /home/matt.linux/lean/bridgeland-extract/.lake/build/lib/lean/BridgelandStability/Deformation/PPhiAbelian.olean -i /home/matt.linux/lean/bridgeland-extract/.lake/build/lib/lean/BridgelandStability/Deformation/PPhiAbelian.ilean -c /home/matt.linux/lean/bridgeland-extract/.lake/build/ir/BridgelandStability/Deformation/PPhiAbelian.c --setup /home/matt.linux/lean/bridgeland-extract/.lake/build/ir/BridgelandStability/Deformation/PPhiAbelian.setup.json --json",
   "level": "trace"},
  {"message":
   "BridgelandStability/Deformation/PPhiAbelian.lean:459:0: automatically included section variable(s) unused in theorem `CategoryTheory.Triangulated.P_phi_of_truncation_of_P_phi_cone`:\n  [IsTriangulated C]\nconsider restructuring your `variable` declarations so that the variables are not in scope or explicitly omit them:\n  omit [IsTriangulated C] in theorem ...\n\nNote: This linter can be disabled with `set_option linter.unusedSectionVars false`",
   "level": "warning"},
  {"message":
   "BridgelandStability/Deformation/PPhiAbelian.lean:736:0: automatically included section variable(s) unused in theorem `CategoryTheory.Triangulated.StabilityCondition.P_phi_admissible`:\n  [IsTriangulated C]\nconsider restructuring your `variable` declarations so that the variables are not in scope or explicitly omit them:\n  omit [IsTriangulated C] in theorem ...\n\nNote: This linter can be disabled with `set_option linter.unusedSectionVars false`",
   "level": "warning"},
  {"message":
   "BridgelandStability/Deformation/PPhiAbelian.lean:827:0: Definition `CategoryTheory.Triangulated.StabilityCondition.P_phi_abelian` of class type must be marked with `@[reducible]` or `@[implicit_reducible]`",
   "level": "warning"}],
 "inputs":
 [["BridgelandStability.Deformation.PPhiAbelian:deps",
   [["deps",
     [["BridgelandStability/BridgelandStability:extraDep",
       [["@BridgelandStability:extraDep", "00000000000006bb"]]],
      ["imports",
       [["BridgelandStability.StabilityCondition transitive imports (legacy)",
         "3c3ae31d93dab2c2"],
        ["BridgelandStability.StabilityCondition:importAllArts",
         "a8c25dd41a6e0185"],
        ["BridgelandStability.StabilityFunction transitive imports (legacy)",
         "dc068b804c0a5364"],
        ["BridgelandStability.StabilityFunction:importAllArts",
         "34e51025425ae5c0"],
        ["BridgelandStability.IntervalCategory transitive imports (legacy)",
         "3b8a0515f995b688"],
        ["BridgelandStability.IntervalCategory:importAllArts",
         "00623c45d2afce45"],
        ["BridgelandStability.TStructure.HeartAbelian transitive imports (legacy)",
         "514b31ceb32d50f6"],
        ["BridgelandStability.TStructure.HeartAbelian:importAllArts",
         "d64d4d3433605ffe"]]]]],
    ["libs",
     [["import dynlibs", "00000000000006bb"],
      ["package external libraries", "00000000000006bb"],
      ["module dynlibs", "00000000000006bb"],
      ["module plugins", "00000000000006bb"]]]]],
  ["Lean 4.29.0, commit 00659f8e6071d7e46131ed643bf8003b99b044e9",
   "d4ef66a63896cd60"],
  ["/home/matt.linux/lean/bridgeland-extract/BridgelandStability/Deformation/PPhiAbelian.lean",
   "4daa924f422c0d7f"],
  ["options", [["-DautoImplicit=false", "4a85acb881fd49d0"]]],
  ["isModule: false", "feefd2a0d3a1847e"],
  ["Module.name: BridgelandStability.Deformation.PPhiAbelian",
   "530e7ab86ce864f3"],
  ["Package.id?: (some BridgelandStability)", "26eb1074d95a6ba6"],
  ["Module.leanArgs: #[]", "00000000000006bb"]],
 "depHash": "b4cafdd19fa7e1e1"}