{"synthetic": false,
 "schemaVersion": "2025-09-10",
 "outputs":
 {"o": ["61d08028728481a7.olean"],
  "i": "652dd1729ee41b3c.ilean",
  "c": "3fcdceed695b56b9.c"},
 "log":
 [{"message":
   ".> LEAN_PATH=/home/matt.linux/lean/bridgeland-extract/.lake/packages/Cli/.lake/build/lib/lean:/home/matt.linux/lean/bridgeland-extract/.lake/packages/batteries/.lake/build/lib/lean:/home/matt.linux/lean/bridgeland-extract/.lake/packages/Qq/.lake/build/lib/lean:/home/matt.linux/lean/bridgeland-extract/.lake/packages/aesop/.lake/build/lib/lean:/home/matt.linux/lean/bridgeland-extract/.lake/packages/proofwidgets/.lake/build/lib/lean:/home/matt.linux/lean/bridgeland-extract/.lake/packages/importGraph/.lake/build/lib/lean:/home/matt.linux/lean/bridgeland-extract/.lake/packages/LeanSearchClient/.lake/build/lib/lean:/home/matt.linux/lean/bridgeland-extract/.lake/packages/plausible/.lake/build/lib/lean:/home/matt.linux/lean/bridgeland-extract/.lake/packages/mathlib/.lake/build/lib/lean:/home/matt.linux/lean/bridgeland-extract/.lake/build/lib/lean /home/matt.linux/.elan/toolchains/leanprover--lean4---v4.29.0-rc6/bin/lean /home/matt.linux/lean/bridgeland-extract/BridgelandStability/Deformation/Setup.lean -o /home/matt.linux/lean/bridgeland-extract/.lake/build/lib/lean/BridgelandStability/Deformation/Setup.olean -i /home/matt.linux/lean/bridgeland-extract/.lake/build/lib/lean/BridgelandStability/Deformation/Setup.ilean -c /home/matt.linux/lean/bridgeland-extract/.lake/build/ir/BridgelandStability/Deformation/Setup.c --setup /home/matt.linux/lean/bridgeland-extract/.lake/build/ir/BridgelandStability/Deformation/Setup.setup.json --json",
   "level": "trace"},
  {"message":
   "BridgelandStability/Deformation/Setup.lean:179:0: automatically included section variable(s) unused in theorem `CategoryTheory.Triangulated.intervalProp_widen`:\n  [IsTriangulated C]\nconsider restructuring your `variable` declarations so that the variables are not in scope or explicitly omit them:\n  omit [IsTriangulated C] in theorem ...\n\nNote: This linter can be disabled with `set_option linter.unusedSectionVars false`",
   "level": "warning"},
  {"message":
   "BridgelandStability/Deformation/Setup.lean:189:0: automatically included section variable(s) unused in theorem `CategoryTheory.Triangulated.phiPlus_phiMinus_in_interval`:\n  [IsTriangulated C]\nconsider restructuring your `variable` declarations so that the variables are not in scope or explicitly omit them:\n  omit [IsTriangulated C] in theorem ...\n\nNote: This linter can be disabled with `set_option linter.unusedSectionVars false`",
   "level": "warning"}],
 "inputs":
 [["BridgelandStability.Deformation.Setup:deps",
   [["deps",
     [["BridgelandStability/BridgelandStability:extraDep",
       [["@BridgelandStability:extraDep", "00000000000006bb"]]],
      ["imports",
       [["BridgelandStability.StabilityCondition transitive imports (legacy)",
         "3c3ae31d93dab2c2"],
        ["BridgelandStability.StabilityCondition:importAllArts",
         "a8c25dd41a6e0185"],
        ["BridgelandStability.StabilityFunction transitive imports (legacy)",
         "dc068b804c0a5364"],
        ["BridgelandStability.StabilityFunction:importAllArts",
         "34e51025425ae5c0"],
        ["BridgelandStability.IntervalCategory transitive imports (legacy)",
         "3b8a0515f995b688"],
        ["BridgelandStability.IntervalCategory:importAllArts",
         "00623c45d2afce45"],
        ["BridgelandStability.TStructure.HeartAbelian transitive imports (legacy)",
         "514b31ceb32d50f6"],
        ["BridgelandStability.TStructure.HeartAbelian:importAllArts",
         "d64d4d3433605ffe"]]]]],
    ["libs",
     [["import dynlibs", "00000000000006bb"],
      ["package external libraries", "00000000000006bb"],
      ["module dynlibs", "00000000000006bb"],
      ["module plugins", "00000000000006bb"]]]]],
  ["Lean 4.29.0, commit 00659f8e6071d7e46131ed643bf8003b99b044e9",
   "d4ef66a63896cd60"],
  ["/home/matt.linux/lean/bridgeland-extract/BridgelandStability/Deformation/Setup.lean",
   "6046386b1d5c9062"],
  ["options", [["-DautoImplicit=false", "4a85acb881fd49d0"]]],
  ["isModule: false", "feefd2a0d3a1847e"],
  ["Module.name: BridgelandStability.Deformation.Setup", "0ac194c119502bab"],
  ["Package.id?: (some BridgelandStability)", "26eb1074d95a6ba6"],
  ["Module.leanArgs: #[]", "00000000000006bb"]],
 "depHash": "555eccf4703d4d4d"}