{"synthetic": false,
 "schemaVersion": "2025-09-10",
 "outputs":
 {"o": ["642dfb960f18df53.olean"],
  "i": "57c7232787adca54.ilean",
  "c": "efd43a95f176fb19.c"},
 "log":
 [{"message":
   ".> LEAN_PATH=/home/matt.linux/lean/bridgeland-extract/.lake/packages/Cli/.lake/build/lib/lean:/home/matt.linux/lean/bridgeland-extract/.lake/packages/batteries/.lake/build/lib/lean:/home/matt.linux/lean/bridgeland-extract/.lake/packages/Qq/.lake/build/lib/lean:/home/matt.linux/lean/bridgeland-extract/.lake/packages/aesop/.lake/build/lib/lean:/home/matt.linux/lean/bridgeland-extract/.lake/packages/proofwidgets/.lake/build/lib/lean:/home/matt.linux/lean/bridgeland-extract/.lake/packages/importGraph/.lake/build/lib/lean:/home/matt.linux/lean/bridgeland-extract/.lake/packages/LeanSearchClient/.lake/build/lib/lean:/home/matt.linux/lean/bridgeland-extract/.lake/packages/plausible/.lake/build/lib/lean:/home/matt.linux/lean/bridgeland-extract/.lake/packages/mathlib/.lake/build/lib/lean:/home/matt.linux/lean/bridgeland-extract/.lake/build/lib/lean /home/matt.linux/.elan/toolchains/leanprover--lean4---v4.29.0-rc6/bin/lean /home/matt.linux/lean/bridgeland-extract/BridgelandStability/Deformation/StrictSES.lean -o /home/matt.linux/lean/bridgeland-extract/.lake/build/lib/lean/BridgelandStability/Deformation/StrictSES.olean -i /home/matt.linux/lean/bridgeland-extract/.lake/build/lib/lean/BridgelandStability/Deformation/StrictSES.ilean -c /home/matt.linux/lean/bridgeland-extract/.lake/build/ir/BridgelandStability/Deformation/StrictSES.c --setup /home/matt.linux/lean/bridgeland-extract/.lake/build/ir/BridgelandStability/Deformation/StrictSES.setup.json --json",
   "level": "trace"},
  {"message":
   "BridgelandStability/Deformation/StrictSES.lean:31:0: automatically included section variable(s) unused in theorem `CategoryTheory.Triangulated.SkewedStabilityFunction.exists_first_strictShortExact_of_not_semistable_of_finite_leftHeartSubobjects`:\n  [IsTriangulated C]\nconsider restructuring your `variable` declarations so that the variables are not in scope or explicitly omit them:\n  omit [IsTriangulated C] in theorem ...\n\nNote: This linter can be disabled with `set_option linter.unusedSectionVars false`",
   "level": "warning"},
  {"message":
   "BridgelandStability/Deformation/StrictSES.lean:64:0: automatically included section variable(s) unused in theorem `CategoryTheory.Triangulated.interval_pullback_cokernel_bot_eq`:\n  [IsTriangulated C]\nconsider restructuring your `variable` declarations so that the variables are not in scope or explicitly omit them:\n  omit [IsTriangulated C] in theorem ...\n\nNote: This linter can be disabled with `set_option linter.unusedSectionVars false`",
   "level": "warning"},
  {"message":
   "BridgelandStability/Deformation/StrictSES.lean:82:0: automatically included section variable(s) unused in theorem `CategoryTheory.Triangulated.interval_cokernel_nonzero_of_ne_top`:\n  [IsTriangulated C]\nconsider restructuring your `variable` declarations so that the variables are not in scope or explicitly omit them:\n  omit [IsTriangulated C] in theorem ...\n\nNote: This linter can be disabled with `set_option linter.unusedSectionVars false`",
   "level": "warning"},
  {"message":
   "BridgelandStability/Deformation/StrictSES.lean:93:0: automatically included section variable(s) unused in theorem `CategoryTheory.Triangulated.interval_pullback_ofLE_comm`:\n  [IsTriangulated C]\nconsider restructuring your `variable` declarations so that the variables are not in scope or explicitly omit them:\n  omit [IsTriangulated C] in theorem ...\n\nNote: This linter can be disabled with `set_option linter.unusedSectionVars false`",
   "level": "warning"},
  {"message":
   "BridgelandStability/Deformation/StrictSES.lean:119:0: automatically included section variable(s) unused in theorem `CategoryTheory.Triangulated.SkewedStabilityFunction.Wobj_pullback_eq_add`:\n  [IsTriangulated C]\nconsider restructuring your `variable` declarations so that the variables are not in scope or explicitly omit them:\n  omit [IsTriangulated C] in theorem ...\n\nNote: This linter can be disabled with `set_option linter.unusedSectionVars false`",
   "level": "warning"},
  {"message":
   "BridgelandStability/Deformation/StrictSES.lean:173:53: try 'simp' instead of 'simpa'\n\nNote: This linter can be disabled with `set_option linter.unnecessarySimpa false`",
   "level": "warning"},
  {"message":
   "BridgelandStability/Deformation/StrictSES.lean:141:0: automatically included section variable(s) unused in theorem `CategoryTheory.Triangulated.interval_lt_pullback_cokernel_of_ne_bot`:\n  [IsTriangulated C]\nconsider restructuring your `variable` declarations so that the variables are not in scope or explicitly omit them:\n  omit [IsTriangulated C] in theorem ...\n\nNote: This linter can be disabled with `set_option linter.unusedSectionVars false`",
   "level": "warning"},
  {"message":
   "BridgelandStability/Deformation/StrictSES.lean:178:0: automatically included section variable(s) unused in theorem `CategoryTheory.Triangulated.interval_pullback_cokernel_ne_top_of_ne_top`:\n  [IsTriangulated C]\nconsider restructuring your `variable` declarations so that the variables are not in scope or explicitly omit them:\n  omit [IsTriangulated C] in theorem ...\n\nNote: This linter can be disabled with `set_option linter.unusedSectionVars false`",
   "level": "warning"},
  {"message":
   "BridgelandStability/Deformation/StrictSES.lean:207:0: automatically included section variable(s) unused in theorem `CategoryTheory.Triangulated.SkewedStabilityFunction.Wobj_cokernel_pullback_eq`:\n  [IsTriangulated C]\nconsider restructuring your `variable` declarations so that the variables are not in scope or explicitly omit them:\n  omit [IsTriangulated C] in theorem ...\n\nNote: This linter can be disabled with `set_option linter.unusedSectionVars false`",
   "level": "warning"},
  {"message":
   "BridgelandStability/Deformation/StrictSES.lean:290:0: automatically included section variable(s) unused in theorem `CategoryTheory.Triangulated.SkewedStabilityFunction.Wobj_liftSub_cokernel_eq_add`:\n  [IsTriangulated C]\nconsider restructuring your `variable` declarations so that the variables are not in scope or explicitly omit them:\n  omit [IsTriangulated C] in theorem ...\n\nNote: This linter can be disabled with `set_option linter.unusedSectionVars false`",
   "level": "warning"},
  {"message":
   "BridgelandStability/Deformation/StrictSES.lean:369:0: automatically included section variable(s) unused in theorem `CategoryTheory.Triangulated.SkewedStabilityFunction.semistable_cokernel_of_minPhase_strictKernel`:\n  [IsTriangulated C]\nconsider restructuring your `variable` declarations so that the variables are not in scope or explicitly omit them:\n  omit [IsTriangulated C] in theorem ...\n\nNote: This linter can be disabled with `set_option linter.unusedSectionVars false`",
   "level": "warning"},
  {"message":
   "BridgelandStability/Deformation/StrictSES.lean:816:0: automatically included section variable(s) unused in theorem `CategoryTheory.Triangulated.SkewedStabilityFunction.phase_le_of_strictQuotient_of_window`:\n  [IsTriangulated C]\nconsider restructuring your `variable` declarations so that the variables are not in scope or explicitly omit them:\n  omit [IsTriangulated C] in theorem ...\n\nNote: This linter can be disabled with `set_option linter.unusedSectionVars false`",
   "level": "warning"},
  {"message":
   "BridgelandStability/Deformation/StrictSES.lean:891:0: automatically included section variable(s) unused in theorem `CategoryTheory.Triangulated.SkewedStabilityFunction.phase_cokernel_lt_of_phase_gt_strictSubobject`:\n  [IsTriangulated C]\nconsider restructuring your `variable` declarations so that the variables are not in scope or explicitly omit them:\n  omit [IsTriangulated C] in theorem ...\n\nNote: This linter can be disabled with `set_option linter.unusedSectionVars false`",
   "level": "warning"}],
 "inputs":
 [["BridgelandStability.Deformation.StrictSES:deps",
   [["deps",
     [["BridgelandStability/BridgelandStability:extraDep",
       [["@BridgelandStability:extraDep", "00000000000006bb"]]],
      ["imports",
       [["BridgelandStability.Deformation.Pullback transitive imports (legacy)",
         "56c6b95708d2a38f"],
        ["BridgelandStability.Deformation.Pullback:importAllArts",
         "aca884737962e657"]]]]],
    ["libs",
     [["import dynlibs", "00000000000006bb"],
      ["package external libraries", "00000000000006bb"],
      ["module dynlibs", "00000000000006bb"],
      ["module plugins", "00000000000006bb"]]]]],
  ["Lean 4.29.0, commit 00659f8e6071d7e46131ed643bf8003b99b044e9",
   "d4ef66a63896cd60"],
  ["/home/matt.linux/lean/bridgeland-extract/BridgelandStability/Deformation/StrictSES.lean",
   "2f8aede6beb13063"],
  ["options", [["-DautoImplicit=false", "4a85acb881fd49d0"]]],
  ["isModule: false", "feefd2a0d3a1847e"],
  ["Module.name: BridgelandStability.Deformation.StrictSES",
   "b6ab9b85dd406a3a"],
  ["Package.id?: (some BridgelandStability)", "26eb1074d95a6ba6"],
  ["Module.leanArgs: #[]", "00000000000006bb"]],
 "depHash": "fa1bee13b5b9323d"}