{"synthetic": false,
 "schemaVersion": "2025-09-10",
 "outputs":
 {"r": "8d108a7563d7bdb2.ir",
  "o":
  ["2b790dbbe9fbe345.olean",
   "c761331c9cca9f0b.olean.server",
   "b41d37562a5d7976.olean.private"],
  "i": "4dc90a05265cf16d.ilean",
  "c": "786c933162a1e371.c"},
 "log":
 [{"message":
   ".> LEAN_PATH=/home/matt.linux/lean/bridgeland-extract/.lake/packages/Cli/.lake/build/lib/lean:/home/matt.linux/lean/bridgeland-extract/.lake/packages/batteries/.lake/build/lib/lean:/home/matt.linux/lean/bridgeland-extract/.lake/packages/Qq/.lake/build/lib/lean:/home/matt.linux/lean/bridgeland-extract/.lake/packages/aesop/.lake/build/lib/lean:/home/matt.linux/lean/bridgeland-extract/.lake/packages/proofwidgets/.lake/build/lib/lean:/home/matt.linux/lean/bridgeland-extract/.lake/packages/importGraph/.lake/build/lib/lean:/home/matt.linux/lean/bridgeland-extract/.lake/packages/LeanSearchClient/.lake/build/lib/lean:/home/matt.linux/lean/bridgeland-extract/.lake/packages/plausible/.lake/build/lib/lean:/home/matt.linux/lean/bridgeland-extract/.lake/packages/mathlib/.lake/build/lib/lean:/home/matt.linux/lean/bridgeland-extract/.lake/build/lib/lean /home/matt.linux/.elan/toolchains/leanprover--lean4---v4.29.0-rc6/bin/lean /home/matt.linux/lean/bridgeland-extract/BridgelandStability/TStructure/AbelianSubcategory.lean -o /home/matt.linux/lean/bridgeland-extract/.lake/build/lib/lean/BridgelandStability/TStructure/AbelianSubcategory.olean -i /home/matt.linux/lean/bridgeland-extract/.lake/build/lib/lean/BridgelandStability/TStructure/AbelianSubcategory.ilean -c /home/matt.linux/lean/bridgeland-extract/.lake/build/ir/BridgelandStability/TStructure/AbelianSubcategory.c --setup /home/matt.linux/lean/bridgeland-extract/.lake/build/ir/BridgelandStability/TStructure/AbelianSubcategory.setup.json --json",
   "level": "trace"}],
 "inputs":
 [["BridgelandStability.TStructure.AbelianSubcategory:deps",
   [["deps",
     [["BridgelandStability/BridgelandStability:extraDep",
       [["@BridgelandStability:extraDep", "00000000000006bb"]]],
      ["imports",
       [["Mathlib.CategoryTheory.Abelian.Basic transitive imports (public)",
         "e7923d714936903c"],
        ["Mathlib.CategoryTheory.Abelian.Basic:importArts", "680a85f4404f7817"],
        ["Mathlib.CategoryTheory.Triangulated.Triangulated transitive imports (public)",
         "7913869e06603c0f"],
        ["Mathlib.CategoryTheory.Triangulated.Triangulated:importArts",
         "5720464093af40d9"]]]]],
    ["libs",
     [["import dynlibs", "00000000000006bb"],
      ["package external libraries", "00000000000006bb"],
      ["module dynlibs", "00000000000006bb"],
      ["module plugins", "00000000000006bb"]]]]],
  ["Lean 4.29.0, commit 00659f8e6071d7e46131ed643bf8003b99b044e9",
   "d4ef66a63896cd60"],
  ["/home/matt.linux/lean/bridgeland-extract/BridgelandStability/TStructure/AbelianSubcategory.lean",
   "c96ff6222e74a782"],
  ["options", [["-DautoImplicit=false", "4a85acb881fd49d0"]]],
  ["isModule: true", "760fcc16989f4b9b"],
  ["Module.name: BridgelandStability.TStructure.AbelianSubcategory",
   "4b716f6201580e12"],
  ["Package.id?: (some BridgelandStability)", "26eb1074d95a6ba6"],
  ["Module.leanArgs: #[]", "00000000000006bb"]],
 "depHash": "a395965a37d51b2d"}