{"synthetic": false,
 "schemaVersion": "2025-09-10",
 "outputs":
 {"o": ["72d17d2cc84f8e1c.olean"],
  "i": "0a805765eec6d357.ilean",
  "c": "200c753461c76833.c"},
 "log":
 [{"message":
   ".> LEAN_PATH=/home/matt.linux/lean/bridgeland-extract/.lake/packages/Cli/.lake/build/lib/lean:/home/matt.linux/lean/bridgeland-extract/.lake/packages/batteries/.lake/build/lib/lean:/home/matt.linux/lean/bridgeland-extract/.lake/packages/Qq/.lake/build/lib/lean:/home/matt.linux/lean/bridgeland-extract/.lake/packages/aesop/.lake/build/lib/lean:/home/matt.linux/lean/bridgeland-extract/.lake/packages/proofwidgets/.lake/build/lib/lean:/home/matt.linux/lean/bridgeland-extract/.lake/packages/importGraph/.lake/build/lib/lean:/home/matt.linux/lean/bridgeland-extract/.lake/packages/LeanSearchClient/.lake/build/lib/lean:/home/matt.linux/lean/bridgeland-extract/.lake/packages/plausible/.lake/build/lib/lean:/home/matt.linux/lean/bridgeland-extract/.lake/packages/mathlib/.lake/build/lib/lean:/home/matt.linux/lean/bridgeland-extract/.lake/build/lib/lean /home/matt.linux/.elan/toolchains/leanprover--lean4---v4.29.0-rc6/bin/lean /home/matt.linux/lean/bridgeland-extract/BridgelandStability/TStructure/HeartAbelian.lean -o /home/matt.linux/lean/bridgeland-extract/.lake/build/lib/lean/BridgelandStability/TStructure/HeartAbelian.olean -i /home/matt.linux/lean/bridgeland-extract/.lake/build/lib/lean/BridgelandStability/TStructure/HeartAbelian.ilean -c /home/matt.linux/lean/bridgeland-extract/.lake/build/ir/BridgelandStability/TStructure/HeartAbelian.c --setup /home/matt.linux/lean/bridgeland-extract/.lake/build/ir/BridgelandStability/TStructure/HeartAbelian.setup.json --json",
   "level": "trace"},
  {"message":
   "BridgelandStability/TStructure/HeartAbelian.lean:138:0: Definition `CategoryTheory.Triangulated.TStructure.heartAbelian` of class type must be marked with `@[reducible]` or `@[implicit_reducible]`",
   "level": "warning"},
  {"message":
   "BridgelandStability/TStructure/HeartAbelian.lean:183:0: Definition `CategoryTheory.Triangulated.TStructure.heartFullSubcategoryAbelian` of class type must be marked with `@[reducible]` or `@[implicit_reducible]`",
   "level": "warning"}],
 "inputs":
 [["BridgelandStability.TStructure.HeartAbelian:deps",
   [["deps",
     [["BridgelandStability/BridgelandStability:extraDep",
       [["@BridgelandStability:extraDep", "00000000000006bb"]]],
      ["imports",
       [["Mathlib.CategoryTheory.Triangulated.TStructure.Heart transitive imports (legacy)",
         "c4926ee483ace2ca"],
        ["Mathlib.CategoryTheory.Triangulated.TStructure.Heart:importAllArts",
         "aee3981a67075274"],
        ["BridgelandStability.TStructure.AbelianSubcategory transitive imports (legacy)",
         "2e3311496bd72d58"],
        ["BridgelandStability.TStructure.AbelianSubcategory:importAllArts",
         "9e204d2fe6a554c6"],
        ["Mathlib.CategoryTheory.Triangulated.TStructure.TruncLTGE transitive imports (legacy)",
         "fc3a36df8e1dd9a6"],
        ["Mathlib.CategoryTheory.Triangulated.TStructure.TruncLTGE:importAllArts",
         "e164682c4cf61ef1"],
        ["Mathlib.CategoryTheory.ObjectProperty.FiniteProducts transitive imports (legacy)",
         "e67ab428d5a9e7ac"],
        ["Mathlib.CategoryTheory.ObjectProperty.FiniteProducts:importAllArts",
         "7afd13cb6611436f"]]]]],
    ["libs",
     [["import dynlibs", "00000000000006bb"],
      ["package external libraries", "00000000000006bb"],
      ["module dynlibs", "00000000000006bb"],
      ["module plugins", "00000000000006bb"]]]]],
  ["Lean 4.29.0, commit 00659f8e6071d7e46131ed643bf8003b99b044e9",
   "d4ef66a63896cd60"],
  ["/home/matt.linux/lean/bridgeland-extract/BridgelandStability/TStructure/HeartAbelian.lean",
   "bc2c2777aee86431"],
  ["options", [["-DautoImplicit=false", "4a85acb881fd49d0"]]],
  ["isModule: false", "feefd2a0d3a1847e"],
  ["Module.name: BridgelandStability.TStructure.HeartAbelian",
   "eeab2a8bc490c13e"],
  ["Package.id?: (some BridgelandStability)", "26eb1074d95a6ba6"],
  ["Module.leanArgs: #[]", "00000000000006bb"]],
 "depHash": "61945f730d7a9ed8"}