{"synthetic": false,
 "schemaVersion": "2025-09-10",
 "outputs":
 {"o": ["93501694d19b1dfa.olean"],
  "i": "25cc4ea7c2c596fa.ilean",
  "c": "a46169e936b9a841.c"},
 "log":
 [{"message":
   ".> LEAN_PATH=/home/matt.linux/lean/bridgeland-extract/.lake/packages/Cli/.lake/build/lib/lean:/home/matt.linux/lean/bridgeland-extract/.lake/packages/batteries/.lake/build/lib/lean:/home/matt.linux/lean/bridgeland-extract/.lake/packages/Qq/.lake/build/lib/lean:/home/matt.linux/lean/bridgeland-extract/.lake/packages/aesop/.lake/build/lib/lean:/home/matt.linux/lean/bridgeland-extract/.lake/packages/proofwidgets/.lake/build/lib/lean:/home/matt.linux/lean/bridgeland-extract/.lake/packages/importGraph/.lake/build/lib/lean:/home/matt.linux/lean/bridgeland-extract/.lake/packages/LeanSearchClient/.lake/build/lib/lean:/home/matt.linux/lean/bridgeland-extract/.lake/packages/plausible/.lake/build/lib/lean:/home/matt.linux/lean/bridgeland-extract/.lake/packages/mathlib/.lake/build/lib/lean:/home/matt.linux/lean/bridgeland-extract/.lake/build/lib/lean /home/matt.linux/.elan/toolchains/leanprover--lean4---v4.29.0-rc6/bin/lean /home/matt.linux/lean/bridgeland-extract/BridgelandStability.lean -o /home/matt.linux/lean/bridgeland-extract/.lake/build/lib/lean/BridgelandStability.olean -i /home/matt.linux/lean/bridgeland-extract/.lake/build/lib/lean/BridgelandStability.ilean -c /home/matt.linux/lean/bridgeland-extract/.lake/build/ir/BridgelandStability.c --setup /home/matt.linux/lean/bridgeland-extract/.lake/build/ir/BridgelandStability.setup.json --json",
   "level": "trace"}],
 "inputs":
 [["BridgelandStability:deps",
   [["deps",
     [["BridgelandStability/BridgelandStability:extraDep",
       [["@BridgelandStability:extraDep", "00000000000006bb"]]],
      ["imports",
       [["BridgelandStability.Deformation.BoundaryTriangles transitive imports (legacy)",
         "d2af60f89622b7b8"],
        ["BridgelandStability.Deformation.BoundaryTriangles:importAllArts",
         "0bcb3790f04a7699"],
        ["BridgelandStability.Deformation.HomVanishing transitive imports (legacy)",
         "9aba33d8b3dc8105"],
        ["BridgelandStability.Deformation.HomVanishing:importAllArts",
         "1fb9ce02c02d98e6"],
        ["BridgelandStability.Deformation.IntervalSelection transitive imports (legacy)",
         "907464aab467b650"],
        ["BridgelandStability.Deformation.IntervalSelection:importAllArts",
         "69a0e35a8a1f8ccc"],
        ["BridgelandStability.Deformation.Lemma77 transitive imports (legacy)",
         "ad493996b0a08aec"],
        ["BridgelandStability.Deformation.Lemma77:importAllArts",
         "481c9bc4088cb3d3"],
        ["BridgelandStability.Deformation.MDQ transitive imports (legacy)",
         "0e2d9336cb3b5f03"],
        ["BridgelandStability.Deformation.MDQ:importAllArts",
         "79f66e024f642845"],
        ["BridgelandStability.Deformation.MDQKernel transitive imports (legacy)",
         "b90b63b665346d32"],
        ["BridgelandStability.Deformation.MDQKernel:importAllArts",
         "37c609317750faef"],
        ["BridgelandStability.Deformation.PPhiAbelian transitive imports (legacy)",
         "c01f9989c58e1bae"],
        ["BridgelandStability.Deformation.PPhiAbelian:importAllArts",
         "f50723bcbe06bec7"],
        ["BridgelandStability.Deformation.PhaseArithmetic transitive imports (legacy)",
         "907464aab467b650"],
        ["BridgelandStability.Deformation.PhaseArithmetic:importAllArts",
         "c41e7250f7e34d10"],
        ["BridgelandStability.Deformation.PhaseConfinement transitive imports (legacy)",
         "bc0acc3d0c8ffb46"],
        ["BridgelandStability.Deformation.PhaseConfinement:importAllArts",
         "35e8691ed8f6b6d4"],
        ["BridgelandStability.Deformation.PhiPlusReduction transitive imports (legacy)",
         "1d67e5c0089927eb"],
        ["BridgelandStability.Deformation.PhiPlusReduction:importAllArts",
         "a6026019235ee1f4"],
        ["BridgelandStability.Deformation.Pullback transitive imports (legacy)",
         "56c6b95708d2a38f"],
        ["BridgelandStability.Deformation.Pullback:importAllArts",
         "aca884737962e657"],
        ["BridgelandStability.Deformation.Setup transitive imports (legacy)",
         "c01f9989c58e1bae"],
        ["BridgelandStability.Deformation.Setup:importAllArts",
         "f096e66b17bd87a1"],
        ["BridgelandStability.Deformation.StrictSES transitive imports (legacy)",
         "944f188e3ea82ddf"],
        ["BridgelandStability.Deformation.StrictSES:importAllArts",
         "43571fb1bb3e62b4"],
        ["BridgelandStability.Deformation.TStructure transitive imports (legacy)",
         "3389f83e16c8d19a"],
        ["BridgelandStability.Deformation.TStructure:importAllArts",
         "86b960afe3174706"],
        ["BridgelandStability.Deformation.Theorem71 transitive imports (legacy)",
         "d50e8b1aee0d2ba4"],
        ["BridgelandStability.Deformation.Theorem71:importAllArts",
         "ee56a3cb3f6cdb53"],
        ["BridgelandStability.Deformation.WPhase transitive imports (legacy)",
         "2cd6aac38414096f"],
        ["BridgelandStability.Deformation.WPhase:importAllArts",
         "65a097e14e0e786f"],
        ["BridgelandStability.DeformationTheorem transitive imports (legacy)",
         "3ef111de98e58e64"],
        ["BridgelandStability.DeformationTheorem:importAllArts",
         "f25a2dcfb49f155a"],
        ["BridgelandStability.EulerForm transitive imports (legacy)",
         "07506066472a3d06"],
        ["BridgelandStability.EulerForm:importAllArts", "efe39f600f4710bd"],
        ["BridgelandStability.GrothendieckGroup transitive imports (legacy)",
         "05f66abba00bae25"],
        ["BridgelandStability.GrothendieckGroup:importAllArts",
         "99b4b075c87ce035"],
        ["BridgelandStability.HeartEquivalence transitive imports (legacy)",
         "3d60094671c0b99d"],
        ["BridgelandStability.HeartEquivalence:importAllArts",
         "24cc25e94425ec0c"],
        ["BridgelandStability.IntervalCategory transitive imports (legacy)",
         "3b8a0515f995b688"],
        ["BridgelandStability.IntervalCategory:importAllArts",
         "00623c45d2afce45"],
        ["BridgelandStability.NumericalStability transitive imports (legacy)",
         "e51b1231bae5f5a5"],
        ["BridgelandStability.NumericalStability:importAllArts",
         "f4eadb18758676d3"],
        ["BridgelandStability.NumericalStabilityManifold transitive imports (legacy)",
         "1de05ca77eca1927"],
        ["BridgelandStability.NumericalStabilityManifold:importAllArts",
         "2016115ff2179e0b"],
        ["BridgelandStability.PostnikovTower transitive imports (legacy)",
         "a890518f1fcdcafa"],
        ["BridgelandStability.PostnikovTower:importAllArts",
         "bcbea2363803f107"],
        ["BridgelandStability.Slicing transitive imports (legacy)",
         "cc4db41b86209bae"],
        ["BridgelandStability.Slicing:importAllArts", "9bce6850e935255b"],
        ["BridgelandStability.StabilityCondition transitive imports (legacy)",
         "3c3ae31d93dab2c2"],
        ["BridgelandStability.StabilityCondition:importAllArts",
         "a8c25dd41a6e0185"],
        ["BridgelandStability.StabilityFunction transitive imports (legacy)",
         "dc068b804c0a5364"],
        ["BridgelandStability.StabilityFunction:importAllArts",
         "34e51025425ae5c0"],
        ["BridgelandStability.Strict transitive imports (legacy)",
         "650de31e3b5c27a4"],
        ["BridgelandStability.Strict:importAllArts", "846f84f7382cd324"],
        ["BridgelandStability.TStructure.AbelianSubcategory transitive imports (legacy)",
         "2e3311496bd72d58"],
        ["BridgelandStability.TStructure.AbelianSubcategory:importAllArts",
         "9e204d2fe6a554c6"],
        ["BridgelandStability.TStructure.HeartAbelian transitive imports (legacy)",
         "514b31ceb32d50f6"],
        ["BridgelandStability.TStructure.HeartAbelian:importAllArts",
         "d64d4d3433605ffe"]]]]],
    ["libs",
     [["import dynlibs", "00000000000006bb"],
      ["package external libraries", "00000000000006bb"],
      ["module dynlibs", "00000000000006bb"],
      ["module plugins", "00000000000006bb"]]]]],
  ["Lean 4.29.0, commit 00659f8e6071d7e46131ed643bf8003b99b044e9",
   "d4ef66a63896cd60"],
  ["/home/matt.linux/lean/bridgeland-extract/BridgelandStability.lean",
   "5f057aa0068ea159"],
  ["options", [["-DautoImplicit=false", "4a85acb881fd49d0"]]],
  ["isModule: false", "feefd2a0d3a1847e"],
  ["Module.name: BridgelandStability", "a34abadb021049b5"],
  ["Package.id?: (some BridgelandStability)", "26eb1074d95a6ba6"],
  ["Module.leanArgs: #[]", "00000000000006bb"]],
 "depHash": "38a32c3cf3e12f30"}